activate_server: function started
wait_for_connections: Awaiting New connection
wait_for_connections: Got connection from:('127.0.0.1', 35454)
wait_for_connections: Request HeaderGET / HTTP/1.1
Host: 127.0.0.1:5010
User-Agent: Tester/0.1
Accept: */*
Connection: close


wait_for_connections: Formatted Request Header: ['GET / HTTP/1.1', 'Host: 127.0.0.1:5010', 'User-Agent: Tester/0.1', 'Accept: */*', 'Connection: close']
validate_header:['GET / HTTP/1.1', 'Host: 127.0.0.1:5010', 'User-Agent: Tester/0.1', 'Accept: */*', 'Connection: close']
validate_header: Requested Method: GET
Requested File: /
HTTP Info: HTTP/1.1
validate_header: Key: Host: Value: 127.0.0.1:5010
validate_header: Host Header line being parsed
validate_header: requested_resource: /
validate_header: Hostname: 127.0.0.1
validate_header: Key: User-Agent: Value: Tester/0.1
validate_header: User Agent Parsed
validate_header: Key: Accept: Value: */*
validate_header: Accept Parsed
validate_header: Key: Connection: Value: close
validate_header: Connection parsed
wait_for_connections: Is header valid: True
fetch_resource: request method: GET
create_directory_listing: Requested Resource is /
create_directory_listing: Requested Resource is dir: <a href= /a1-test/>a1-test/</a>
create_directory_listing: Requested Resource is /
create_directory_listing: Requested Resource is file: <a href= /Common.log>Common.log</a>
create_directory_listing: Requested Resource is /
create_directory_listing: Requested Resource is file: <a href= /Debug.log>Debug.log</a>
create_directory_listing: Requested Resource is /
create_directory_listing: Requested Resource is dir: <a href= /ErrorPage/>ErrorPage/</a>

        <!DOCTYPE html>
        <html>
            <head>Index of /</head> 
            <body>
                <h1> Index of /</h1>
                <table><tr><th>Name </th><th> Last Modified Time</th><th> Size</th></tr><tr><td><a href= /a1-test/>a1-test/</a></td><td>Sun, 18 Jan 1970 14:14:36</td><td>--</td></tr><tr><td><a href= /Common.log>Common.log</a></td><td>Sun, 18 Jan 1970 14:40:18</td><td>0</td></tr><tr><td><a href= /Debug.log>Debug.log</a></td><td>Sun, 18 Jan 1970 14:40:18</td><td>1396</td></tr><tr><td><a href= /ErrorPage/>ErrorPage/</a></td><td>Sun, 18 Jan 1970 14:22:10</td><td>--</td></tr></table>
            </body>
        </html>
gen_headers: Start
gen_headers: HTTP/1.1 200 OK
Date: Mon, 15 Oct 2018 15:52:28 GMT
Server: Assignment1/Version/0.1
Content-Length: 652
Last-Modified: Tue, 02 Oct 2018 21:28:12 GMT
Content-Type: text/html

HTTP/1.1 200 OK
Date: Mon, 15 Oct 2018 15:52:28 GMT
Server: Assignment1/Version/0.1
Content-Length: 652
Last-Modified: Tue, 02 Oct 2018 21:28:12 GMT
Content-Type: text/html
Connection: close


gen_headers: End
b'HTTP/1.1 200 OK\nDate: Mon, 15 Oct 2018 15:52:28 GMT\r\nServer: Assignment1/Version/0.1\r\nContent-Length: 652\r\nLast-Modified: Tue, 02 Oct 2018 21:28:12 GMT\r\nContent-Type: text/html\r\nConnection: close\r\n\r\n\n        <!DOCTYPE html>\n        <html>\n            <head>Index of /</head> \n            <body>\n                <h1> Index of /</h1>\n                <table><tr><th>Name </th><th> Last Modified Time</th><th> Size</th></tr><tr><td><a href= /a1-test/>a1-test/</a></td><td>Sun, 18 Jan 1970 14:14:36</td><td>--</td></tr><tr><td><a href= /Common.log>Common.log</a></td><td>Sun, 18 Jan 1970 14:40:18</td><td>0</td></tr><tr><td><a href= /Debug.log>Debug.log</a></td><td>Sun, 18 Jan 1970 14:40:18</td><td>1396</td></tr><tr><td><a href= /ErrorPage/>ErrorPage/</a></td><td>Sun, 18 Jan 1970 14:22:10</td><td>--</td></tr></table>\n            </body>\n        </html>'
Closing connection with client
0.0.0.0 - - "[Mon, 15 Oct 2018 11:52:28]" GET / HTTP/1.1 200 652

wait_for_connections: Awaiting New connection
wait_for_connections: Got connection from:('127.0.0.1', 35456)
wait_for_connections: Request HeaderGET / HTTP/3.1
Host: 127.0.0.1:5010
User-Agent: Tester/0.1
Accept: */*
Connection: close


wait_for_connections: Formatted Request Header: ['GET / HTTP/3.1', 'Host: 127.0.0.1:5010', 'User-Agent: Tester/0.1', 'Accept: */*', 'Connection: close']
validate_header:['GET / HTTP/3.1', 'Host: 127.0.0.1:5010', 'User-Agent: Tester/0.1', 'Accept: */*', 'Connection: close']
validate_header: Requested Method: GET
Requested File: /
HTTP Info: HTTP/3.1
validate_header: HTTP Version: 3.1
gen_headers: Start
gen_headers: HTTP/1.1 505 HTTP Version Not Supported
Date: Mon, 15 Oct 2018 15:52:28 GMT
Server: Assignment1/Version/0.1
Content-Length: 191
Content-Type: text/html

HTTP/1.1 505 HTTP Version Not Supported
Date: Mon, 15 Oct 2018 15:52:28 GMT
Server: Assignment1/Version/0.1
Content-Length: 191
Content-Type: text/html
Connection: close


gen_headers: End
return_response_header: b'HTTP/1.1 505 HTTP Version Not Supported\nDate: Mon, 15 Oct 2018 15:52:28 GMT\r\nServer: Assignment1/Version/0.1\r\nContent-Length: 191\r\nContent-Type: text/html\r\nConnection: close\r\n\r\n<!DOCTYPE html>\n<html lang="en">\n<head>\n    <meta charset="UTF-8">\n    <title>505: HTTP Version Not Supported</title>\n</head>\n<body>\n    <p>505: HTTP Version Not Supported</p>\n</body>\n</html>'
return_response_header: Closing connection with client
0.0.0.0 - - "[Mon, 15 Oct 2018 11:52:28]" GET / HTTP/3.1 505 191

wait_for_connections: Is header valid: False
wait_for_connections: Awaiting New connection
wait_for_connections: Got connection from:('127.0.0.1', 35458)
wait_for_connections: Request HeaderFOO / HTTP/1.1
Host: 127.0.0.1:5010
User-Agent: Tester/0.1
Accept: */*
Connection: close


wait_for_connections: Formatted Request Header: ['FOO / HTTP/1.1', 'Host: 127.0.0.1:5010', 'User-Agent: Tester/0.1', 'Accept: */*', 'Connection: close']
validate_header:['FOO / HTTP/1.1', 'Host: 127.0.0.1:5010', 'User-Agent: Tester/0.1', 'Accept: */*', 'Connection: close']
validate_header: Requested Method: FOO
gen_headers: Start
gen_headers: HTTP/1.1 501 Not Implemented
Date: Mon, 15 Oct 2018 15:52:28 GMT
Server: Assignment1/Version/0.1
Content-Length: 0
Allow: GET, HEAD, OPTIONS, TRACE 

HTTP/1.1 501 Not Implemented
Date: Mon, 15 Oct 2018 15:52:28 GMT
Server: Assignment1/Version/0.1
Content-Length: 0
Allow: GET, HEAD, OPTIONS, TRACE 
Connection: close


gen_headers: End
return_response_header: b'HTTP/1.1 501 Not Implemented\nDate: Mon, 15 Oct 2018 15:52:28 GMT\r\nServer: Assignment1/Version/0.1\r\nContent-Length: 0\r\nAllow: GET, HEAD, OPTIONS, TRACE \r\nConnection: close\r\n\r\n'
return_response_header: Closing connection with client
0.0.0.0 - - "[Mon, 15 Oct 2018 11:52:28]" FOO / HTTP/1.1 501 0

wait_for_connections: Is header valid: False
wait_for_connections: Awaiting New connection
wait_for_connections: Got connection from:('127.0.0.1', 35460)
wait_for_connections: Request HeaderGET /a1-test/1/1.3/assignment1.ppt HTTP/1.1
Host: 127.0.0.1:5010
User-Agent: Tester/0.1
Accept: */*
Connection: close


wait_for_connections: Formatted Request Header: ['GET /a1-test/1/1.3/assignment1.ppt HTTP/1.1', 'Host: 127.0.0.1:5010', 'User-Agent: Tester/0.1', 'Accept: */*', 'Connection: close']
validate_header:['GET /a1-test/1/1.3/assignment1.ppt HTTP/1.1', 'Host: 127.0.0.1:5010', 'User-Agent: Tester/0.1', 'Accept: */*', 'Connection: close']
validate_header: Requested Method: GET
Requested File: /a1-test/1/1.3/assignment1.ppt
HTTP Info: HTTP/1.1
validate_header: Key: Host: Value: 127.0.0.1:5010
validate_header: Host Header line being parsed
validate_header: requested_resource: /a1-test/1/1.3/assignment1.ppt
validate_header: Hostname: 127.0.0.1
validate_header: Key: User-Agent: Value: Tester/0.1
validate_header: User Agent Parsed
validate_header: Key: Accept: Value: */*
validate_header: Accept Parsed
validate_header: Key: Connection: Value: close
validate_header: Connection parsed
wait_for_connections: Is header valid: True
fetch_resource: request method: GET
fetch_resource: Is File:/a1-test/1/1.3/assignment1.ppt
gen_headers: Start
gen_headers: HTTP/1.1 200 OK
Date: Mon, 15 Oct 2018 15:52:28 GMT
Server: Assignment1/Version/0.1
Content-Length: 46592
Last-Modified: Thu, 27 Sep 2018 15:25:31 GMT
Content-Type: application/vnd.ms-powerpoint

HTTP/1.1 200 OK
Date: Mon, 15 Oct 2018 15:52:28 GMT
Server: Assignment1/Version/0.1
Content-Length: 46592
Last-Modified: Thu, 27 Sep 2018 15:25:31 GMT
Content-Type: application/vnd.ms-powerpoint
Connection: close


gen_headers: End
b'HTTP/1.1 200 OK\nDate: Mon, 15 Oct 2018 15:52:28 GMT\r\nServer: Assignment1/Version/0.1\r\nContent-Length: 46592\r\nLast-Modified: Thu, 27 Sep 2018 15:25:31 GMT\r\nContent-Type: application/vnd.ms-powerpoint\r\nConnection: close\r\n\r\n'
Closing connection with client
0.0.0.0 - - "[Mon, 15 Oct 2018 11:52:28]" GET /a1-test/1/1.3/assignment1.ppt HTTP/1.1 200 46592

wait_for_connections: Awaiting New connection
wait_for_connections: Got connection from:('127.0.0.1', 35462)
wait_for_connections: Request HeaderGET /a1-test/1/1.2/arXiv.org.Idenitfy.repsonse.xml HTTP/1.1
Host: 127.0.0.1:5010
User-Agent: Tester/0.1
Accept: */*
Connection: close


wait_for_connections: Formatted Request Header: ['GET /a1-test/1/1.2/arXiv.org.Idenitfy.repsonse.xml HTTP/1.1', 'Host: 127.0.0.1:5010', 'User-Agent: Tester/0.1', 'Accept: */*', 'Connection: close']
validate_header:['GET /a1-test/1/1.2/arXiv.org.Idenitfy.repsonse.xml HTTP/1.1', 'Host: 127.0.0.1:5010', 'User-Agent: Tester/0.1', 'Accept: */*', 'Connection: close']
validate_header: Requested Method: GET
Requested File: /a1-test/1/1.2/arXiv.org.Idenitfy.repsonse.xml
HTTP Info: HTTP/1.1
validate_header: Key: Host: Value: 127.0.0.1:5010
validate_header: Host Header line being parsed
validate_header: requested_resource: /a1-test/1/1.2/arXiv.org.Idenitfy.repsonse.xml
validate_header: Hostname: 127.0.0.1
validate_header: Key: User-Agent: Value: Tester/0.1
validate_header: User Agent Parsed
validate_header: Key: Accept: Value: */*
validate_header: Accept Parsed
validate_header: Key: Connection: Value: close
validate_header: Connection parsed
wait_for_connections: Is header valid: True
fetch_resource: request method: GET
fetch_resource: Is File:/a1-test/1/1.2/arXiv.org.Idenitfy.repsonse.xml
gen_headers: Start
gen_headers: HTTP/1.1 200 OK
Date: Mon, 15 Oct 2018 15:52:28 GMT
Server: Assignment1/Version/0.1
Content-Length: 3142
Last-Modified: Thu, 27 Sep 2018 15:25:31 GMT
Content-Type: text/xml

HTTP/1.1 200 OK
Date: Mon, 15 Oct 2018 15:52:28 GMT
Server: Assignment1/Version/0.1
Content-Length: 3142
Last-Modified: Thu, 27 Sep 2018 15:25:31 GMT
Content-Type: text/xml
Connection: close


gen_headers: End
b'HTTP/1.1 200 OK\nDate: Mon, 15 Oct 2018 15:52:28 GMT\r\nServer: Assignment1/Version/0.1\r\nContent-Length: 3142\r\nLast-Modified: Thu, 27 Sep 2018 15:25:31 GMT\r\nContent-Type: text/xml\r\nConnection: close\r\n\r\n'
Closing connection with client
0.0.0.0 - - "[Mon, 15 Oct 2018 11:52:28]" GET /a1-test/1/1.2/arXiv.org.Idenitfy.repsonse.xml HTTP/1.1 200 3142

wait_for_connections: Awaiting New connection
wait_for_connections: Got connection from:('127.0.0.1', 35464)
wait_for_connections: Request HeaderGET /a1-test/1/1.4/escape%this.html HTTP/1.1
Host: 127.0.0.1:5010
User-Agent: Tester/0.1
Accept: */*
Connection: close


wait_for_connections: Formatted Request Header: ['GET /a1-test/1/1.4/escape%this.html HTTP/1.1', 'Host: 127.0.0.1:5010', 'User-Agent: Tester/0.1', 'Accept: */*', 'Connection: close']
validate_header:['GET /a1-test/1/1.4/escape%this.html HTTP/1.1', 'Host: 127.0.0.1:5010', 'User-Agent: Tester/0.1', 'Accept: */*', 'Connection: close']
validate_header: Requested Method: GET
Requested File: /a1-test/1/1.4/escape%this.html
HTTP Info: HTTP/1.1
validate_header: Key: Host: Value: 127.0.0.1:5010
validate_header: Host Header line being parsed
validate_header: requested_resource: /a1-test/1/1.4/escape%this.html
validate_header: Hostname: 127.0.0.1
validate_header: Key: User-Agent: Value: Tester/0.1
validate_header: User Agent Parsed
validate_header: Key: Accept: Value: */*
validate_header: Accept Parsed
validate_header: Key: Connection: Value: close
validate_header: Connection parsed
wait_for_connections: Is header valid: True
fetch_resource: request method: GET
fetch_resource: Is File:/a1-test/1/1.4/escape%this.html
gen_headers: Start
gen_headers: HTTP/1.1 200 OK
Date: Mon, 15 Oct 2018 15:52:28 GMT
Server: Assignment1/Version/0.1
Content-Length: 67
Last-Modified: Thu, 27 Sep 2018 15:25:31 GMT
Content-Type: text/html

HTTP/1.1 200 OK
Date: Mon, 15 Oct 2018 15:52:28 GMT
Server: Assignment1/Version/0.1
Content-Length: 67
Last-Modified: Thu, 27 Sep 2018 15:25:31 GMT
Content-Type: text/html
Connection: close


gen_headers: End
b'HTTP/1.1 200 OK\nDate: Mon, 15 Oct 2018 15:52:28 GMT\r\nServer: Assignment1/Version/0.1\r\nContent-Length: 67\r\nLast-Modified: Thu, 27 Sep 2018 15:25:31 GMT\r\nContent-Type: text/html\r\nConnection: close\r\n\r\n'
Closing connection with client
0.0.0.0 - - "[Mon, 15 Oct 2018 11:52:28]" GET /a1-test/1/1.4/escape%this.html HTTP/1.1 200 67

wait_for_connections: Awaiting New connection
wait_for_connections: Got connection from:('127.0.0.1', 35466)
wait_for_connections: Request HeaderGET /a1-test/1/1.4/test:.HTM HTTP/1.1
Host: 127.0.0.1:5010
User-Agent: Tester/0.1
Accept: */*
Connection: close


wait_for_connections: Formatted Request Header: ['GET /a1-test/1/1.4/test:.HTM HTTP/1.1', 'Host: 127.0.0.1:5010', 'User-Agent: Tester/0.1', 'Accept: */*', 'Connection: close']
validate_header:['GET /a1-test/1/1.4/test:.HTM HTTP/1.1', 'Host: 127.0.0.1:5010', 'User-Agent: Tester/0.1', 'Accept: */*', 'Connection: close']
validate_header: Requested Method: GET
Requested File: /a1-test/1/1.4/test:.HTM
HTTP Info: HTTP/1.1
validate_header: Key: Host: Value: 127.0.0.1:5010
validate_header: Host Header line being parsed
validate_header: requested_resource: /a1-test/1/1.4/test:.HTM
validate_header: Hostname: 127.0.0.1
validate_header: Key: User-Agent: Value: Tester/0.1
validate_header: User Agent Parsed
validate_header: Key: Accept: Value: */*
validate_header: Accept Parsed
validate_header: Key: Connection: Value: close
validate_header: Connection parsed
wait_for_connections: Is header valid: True
fetch_resource: request method: GET
fetch_resource: Is File:/a1-test/1/1.4/test:.HTM
gen_headers: Start
gen_headers: HTTP/1.1 200 OK
Date: Mon, 15 Oct 2018 15:52:28 GMT
Server: Assignment1/Version/0.1
Content-Length: 25
Last-Modified: Thu, 27 Sep 2018 15:25:31 GMT
Content-Type: text/html

HTTP/1.1 200 OK
Date: Mon, 15 Oct 2018 15:52:28 GMT
Server: Assignment1/Version/0.1
Content-Length: 25
Last-Modified: Thu, 27 Sep 2018 15:25:31 GMT
Content-Type: text/html
Connection: close


gen_headers: End
b'HTTP/1.1 200 OK\nDate: Mon, 15 Oct 2018 15:52:28 GMT\r\nServer: Assignment1/Version/0.1\r\nContent-Length: 25\r\nLast-Modified: Thu, 27 Sep 2018 15:25:31 GMT\r\nContent-Type: text/html\r\nConnection: close\r\n\r\n'
Closing connection with client
0.0.0.0 - - "[Mon, 15 Oct 2018 11:52:28]" GET /a1-test/1/1.4/test:.HTM HTTP/1.1 200 25

wait_for_connections: Awaiting New connection
wait_for_connections: Got connection from:('127.0.0.1', 35468)
wait_for_connections: Request HeaderGET /a1-test/2/0.jpeg HTTP/1.1
Host: 127.0.0.1:5010
User-Agent: Tester/0.1
Accept: */*
Connection: close


wait_for_connections: Formatted Request Header: ['GET /a1-test/2/0.jpeg HTTP/1.1', 'Host: 127.0.0.1:5010', 'User-Agent: Tester/0.1', 'Accept: */*', 'Connection: close']
validate_header:['GET /a1-test/2/0.jpeg HTTP/1.1', 'Host: 127.0.0.1:5010', 'User-Agent: Tester/0.1', 'Accept: */*', 'Connection: close']
validate_header: Requested Method: GET
Requested File: /a1-test/2/0.jpeg
HTTP Info: HTTP/1.1
validate_header: Key: Host: Value: 127.0.0.1:5010
validate_header: Host Header line being parsed
validate_header: requested_resource: /a1-test/2/0.jpeg
validate_header: Hostname: 127.0.0.1
validate_header: Key: User-Agent: Value: Tester/0.1
validate_header: User Agent Parsed
validate_header: Key: Accept: Value: */*
validate_header: Accept Parsed
validate_header: Key: Connection: Value: close
validate_header: Connection parsed
wait_for_connections: Is header valid: True
fetch_resource: request method: GET
fetch_resource: Is File:/a1-test/2/0.jpeg
gen_headers: Start
gen_headers: HTTP/1.1 200 OK
Date: Mon, 15 Oct 2018 15:52:28 GMT
Server: Assignment1/Version/0.1
Content-Length: 38457
Last-Modified: Thu, 27 Sep 2018 15:25:31 GMT
Content-Type: image/jpeg

HTTP/1.1 200 OK
Date: Mon, 15 Oct 2018 15:52:28 GMT
Server: Assignment1/Version/0.1
Content-Length: 38457
Last-Modified: Thu, 27 Sep 2018 15:25:31 GMT
Content-Type: image/jpeg
Connection: close


gen_headers: End
b'HTTP/1.1 200 OK\nDate: Mon, 15 Oct 2018 15:52:28 GMT\r\nServer: Assignment1/Version/0.1\r\nContent-Length: 38457\r\nLast-Modified: Thu, 27 Sep 2018 15:25:31 GMT\r\nContent-Type: image/jpeg\r\nConnection: close\r\n\r\n'
Closing connection with client
0.0.0.0 - - "[Mon, 15 Oct 2018 11:52:28]" GET /a1-test/2/0.jpeg HTTP/1.1 200 38457

wait_for_connections: Awaiting New connection
wait_for_connections: Got connection from:('127.0.0.1', 35470)
wait_for_connections: Request HeaderGET /a1-test/2/6.gif HTTP/1.1
Host: 127.0.0.1:5010
User-Agent: Tester/0.1
Accept: */*
Connection: close


wait_for_connections: Formatted Request Header: ['GET /a1-test/2/6.gif HTTP/1.1', 'Host: 127.0.0.1:5010', 'User-Agent: Tester/0.1', 'Accept: */*', 'Connection: close']
validate_header:['GET /a1-test/2/6.gif HTTP/1.1', 'Host: 127.0.0.1:5010', 'User-Agent: Tester/0.1', 'Accept: */*', 'Connection: close']
validate_header: Requested Method: GET
Requested File: /a1-test/2/6.gif
HTTP Info: HTTP/1.1
validate_header: Key: Host: Value: 127.0.0.1:5010
validate_header: Host Header line being parsed
validate_header: requested_resource: /a1-test/2/6.gif
validate_header: Hostname: 127.0.0.1
validate_header: Key: User-Agent: Value: Tester/0.1
validate_header: User Agent Parsed
validate_header: Key: Accept: Value: */*
validate_header: Accept Parsed
validate_header: Key: Connection: Value: close
validate_header: Connection parsed
wait_for_connections: Is header valid: True
fetch_resource: request method: GET
fetch_resource: Is File:/a1-test/2/6.gif
gen_headers: Start
gen_headers: HTTP/1.1 200 OK
Date: Mon, 15 Oct 2018 15:52:28 GMT
Server: Assignment1/Version/0.1
Content-Length: 49803
Last-Modified: Thu, 27 Sep 2018 15:25:31 GMT
Content-Type: image/gif

HTTP/1.1 200 OK
Date: Mon, 15 Oct 2018 15:52:28 GMT
Server: Assignment1/Version/0.1
Content-Length: 49803
Last-Modified: Thu, 27 Sep 2018 15:25:31 GMT
Content-Type: image/gif
Connection: close


gen_headers: End
b'HTTP/1.1 200 OK\nDate: Mon, 15 Oct 2018 15:52:28 GMT\r\nServer: Assignment1/Version/0.1\r\nContent-Length: 49803\r\nLast-Modified: Thu, 27 Sep 2018 15:25:31 GMT\r\nContent-Type: image/gif\r\nConnection: close\r\n\r\n'
Closing connection with client
0.0.0.0 - - "[Mon, 15 Oct 2018 11:52:28]" GET /a1-test/2/6.gif HTTP/1.1 200 49803

wait_for_connections: Awaiting New connection
wait_for_connections: Got connection from:('127.0.0.1', 35472)
wait_for_connections: Request HeaderGET /a1-test/4/thisfileisempty.txt HTTP/1.1
Host: 127.0.0.1:5010
User-Agent: Tester/0.1
Accept: */*
Connection: close


wait_for_connections: Formatted Request Header: ['GET /a1-test/4/thisfileisempty.txt HTTP/1.1', 'Host: 127.0.0.1:5010', 'User-Agent: Tester/0.1', 'Accept: */*', 'Connection: close']
validate_header:['GET /a1-test/4/thisfileisempty.txt HTTP/1.1', 'Host: 127.0.0.1:5010', 'User-Agent: Tester/0.1', 'Accept: */*', 'Connection: close']
validate_header: Requested Method: GET
Requested File: /a1-test/4/thisfileisempty.txt
HTTP Info: HTTP/1.1
validate_header: Key: Host: Value: 127.0.0.1:5010
validate_header: Host Header line being parsed
validate_header: requested_resource: /a1-test/4/thisfileisempty.txt
validate_header: Hostname: 127.0.0.1
validate_header: Key: User-Agent: Value: Tester/0.1
validate_header: User Agent Parsed
validate_header: Key: Accept: Value: */*
validate_header: Accept Parsed
validate_header: Key: Connection: Value: close
validate_header: Connection parsed
wait_for_connections: Is header valid: True
fetch_resource: request method: GET
fetch_resource: Is File:/a1-test/4/thisfileisempty.txt
gen_headers: Start
gen_headers: HTTP/1.1 200 OK
Date: Mon, 15 Oct 2018 15:52:28 GMT
Server: Assignment1/Version/0.1
Content-Length: 0
Last-Modified: Thu, 27 Sep 2018 15:25:31 GMT
Content-Type: text/plain

HTTP/1.1 200 OK
Date: Mon, 15 Oct 2018 15:52:28 GMT
Server: Assignment1/Version/0.1
Content-Length: 0
Last-Modified: Thu, 27 Sep 2018 15:25:31 GMT
Content-Type: text/plain
Connection: close


gen_headers: End
b'HTTP/1.1 200 OK\nDate: Mon, 15 Oct 2018 15:52:28 GMT\r\nServer: Assignment1/Version/0.1\r\nContent-Length: 0\r\nLast-Modified: Thu, 27 Sep 2018 15:25:31 GMT\r\nContent-Type: text/plain\r\nConnection: close\r\n\r\n'
Closing connection with client
0.0.0.0 - - "[Mon, 15 Oct 2018 11:52:28]" GET /a1-test/4/thisfileisempty.txt HTTP/1.1 200 0

wait_for_connections: Awaiting New connection
wait_for_connections: Got connection from:('127.0.0.1', 35474)
wait_for_connections: Request HeaderGET /a1-test/4/directory3isempty HTTP/1.1
Host: 127.0.0.1:5010
User-Agent: Tester/0.1
Accept: */*
Connection: close


wait_for_connections: Formatted Request Header: ['GET /a1-test/4/directory3isempty HTTP/1.1', 'Host: 127.0.0.1:5010', 'User-Agent: Tester/0.1', 'Accept: */*', 'Connection: close']
validate_header:['GET /a1-test/4/directory3isempty HTTP/1.1', 'Host: 127.0.0.1:5010', 'User-Agent: Tester/0.1', 'Accept: */*', 'Connection: close']
validate_header: Requested Method: GET
Requested File: /a1-test/4/directory3isempty
HTTP Info: HTTP/1.1
validate_header: Key: Host: Value: 127.0.0.1:5010
validate_header: Host Header line being parsed
validate_header: requested_resource: /a1-test/4/directory3isempty
validate_header: Hostname: 127.0.0.1
validate_header: Key: User-Agent: Value: Tester/0.1
validate_header: User Agent Parsed
validate_header: Key: Accept: Value: */*
validate_header: Accept Parsed
validate_header: Key: Connection: Value: close
validate_header: Connection parsed
wait_for_connections: Is header valid: True
fetch_resource: request method: GET
fetch_resource: Is File:/a1-test/4/directory3isempty
gen_headers: Start
gen_headers: HTTP/1.1 200 OK
Date: Mon, 15 Oct 2018 15:52:28 GMT
Server: Assignment1/Version/0.1
Content-Length: 0
Last-Modified: Thu, 27 Sep 2018 15:25:31 GMT
Content-Type: application/octet-stream

HTTP/1.1 200 OK
Date: Mon, 15 Oct 2018 15:52:28 GMT
Server: Assignment1/Version/0.1
Content-Length: 0
Last-Modified: Thu, 27 Sep 2018 15:25:31 GMT
Content-Type: application/octet-stream
Connection: close


gen_headers: End
b'HTTP/1.1 200 OK\nDate: Mon, 15 Oct 2018 15:52:28 GMT\r\nServer: Assignment1/Version/0.1\r\nContent-Length: 0\r\nLast-Modified: Thu, 27 Sep 2018 15:25:31 GMT\r\nContent-Type: application/octet-stream\r\nConnection: close\r\n\r\n'
Closing connection with client
0.0.0.0 - - "[Mon, 15 Oct 2018 11:52:28]" GET /a1-test/4/directory3isempty HTTP/1.1 200 0

wait_for_connections: Awaiting New connection
wait_for_connections: Got connection from:('127.0.0.1', 35476)
wait_for_connections: Request HeaderGET /a1-test/1/1.1/go%20hokies!.html HTTP/1.1
Host: 127.0.0.1:5010
User-Agent: Tester/0.1
Accept: */*
Connection: close


wait_for_connections: Formatted Request Header: ['GET /a1-test/1/1.1/go%20hokies!.html HTTP/1.1', 'Host: 127.0.0.1:5010', 'User-Agent: Tester/0.1', 'Accept: */*', 'Connection: close']
validate_header:['GET /a1-test/1/1.1/go%20hokies!.html HTTP/1.1', 'Host: 127.0.0.1:5010', 'User-Agent: Tester/0.1', 'Accept: */*', 'Connection: close']
validate_header: Requested Method: GET
Requested File: /a1-test/1/1.1/go%20hokies!.html
HTTP Info: HTTP/1.1
validate_header: Key: Host: Value: 127.0.0.1:5010
validate_header: Host Header line being parsed
validate_header: requested_resource: /a1-test/1/1.1/go%20hokies!.html
validate_header: Hostname: 127.0.0.1
validate_header: Key: User-Agent: Value: Tester/0.1
validate_header: User Agent Parsed
validate_header: Key: Accept: Value: */*
validate_header: Accept Parsed
validate_header: Key: Connection: Value: close
validate_header: Connection parsed
wait_for_connections: Is header valid: True
fetch_resource: request method: GET
fetch_resource: Is File:/a1-test/1/1.1/go hokies!.html
gen_headers: Start
gen_headers: HTTP/1.1 200 OK
Date: Mon, 15 Oct 2018 15:52:28 GMT
Server: Assignment1/Version/0.1
Content-Length: 55
Last-Modified: Thu, 27 Sep 2018 15:25:31 GMT
Content-Type: text/html

HTTP/1.1 200 OK
Date: Mon, 15 Oct 2018 15:52:28 GMT
Server: Assignment1/Version/0.1
Content-Length: 55
Last-Modified: Thu, 27 Sep 2018 15:25:31 GMT
Content-Type: text/html
Connection: close


gen_headers: End
b'HTTP/1.1 200 OK\nDate: Mon, 15 Oct 2018 15:52:28 GMT\r\nServer: Assignment1/Version/0.1\r\nContent-Length: 55\r\nLast-Modified: Thu, 27 Sep 2018 15:25:31 GMT\r\nContent-Type: text/html\r\nConnection: close\r\n\r\n'
Closing connection with client
0.0.0.0 - - "[Mon, 15 Oct 2018 11:52:28]" GET /a1-test/1/1.1/go%20hokies!.html HTTP/1.1 200 55

wait_for_connections: Awaiting New connection
wait_for_connections: Got connection from:('127.0.0.1', 35478)
wait_for_connections: Request HeaderHEAD /a1-test/1/1.1/go%20hokies!.html HTTP/1.1
Host: 127.0.0.1:5010
User-Agent: Tester/0.1
Accept: */*
Connection: close


wait_for_connections: Formatted Request Header: ['HEAD /a1-test/1/1.1/go%20hokies!.html HTTP/1.1', 'Host: 127.0.0.1:5010', 'User-Agent: Tester/0.1', 'Accept: */*', 'Connection: close']
validate_header:['HEAD /a1-test/1/1.1/go%20hokies!.html HTTP/1.1', 'Host: 127.0.0.1:5010', 'User-Agent: Tester/0.1', 'Accept: */*', 'Connection: close']
validate_header: Requested Method: HEAD
Requested File: /a1-test/1/1.1/go%20hokies!.html
HTTP Info: HTTP/1.1
validate_header: Key: Host: Value: 127.0.0.1:5010
validate_header: Host Header line being parsed
validate_header: requested_resource: /a1-test/1/1.1/go%20hokies!.html
validate_header: Hostname: 127.0.0.1
validate_header: Key: User-Agent: Value: Tester/0.1
validate_header: User Agent Parsed
validate_header: Key: Accept: Value: */*
validate_header: Accept Parsed
validate_header: Key: Connection: Value: close
validate_header: Connection parsed
wait_for_connections: Is header valid: True
fetch_resource: request method: HEAD
fetch_resource: Is File:/a1-test/1/1.1/go hokies!.html
gen_headers: Start
gen_headers: HTTP/1.1 200 OK
Date: Mon, 15 Oct 2018 15:52:28 GMT
Server: Assignment1/Version/0.1
Content-Length: 55
Last-Modified: Thu, 27 Sep 2018 15:25:31 GMT
Content-Type: text/html

HTTP/1.1 200 OK
Date: Mon, 15 Oct 2018 15:52:28 GMT
Server: Assignment1/Version/0.1
Content-Length: 55
Last-Modified: Thu, 27 Sep 2018 15:25:31 GMT
Content-Type: text/html
Connection: close


gen_headers: End
b'HTTP/1.1 200 OK\nDate: Mon, 15 Oct 2018 15:52:28 GMT\r\nServer: Assignment1/Version/0.1\r\nContent-Length: 55\r\nLast-Modified: Thu, 27 Sep 2018 15:25:31 GMT\r\nContent-Type: text/html\r\nConnection: close\r\n\r\n'
Closing connection with client
0.0.0.0 - - "[Mon, 15 Oct 2018 11:52:28]" HEAD /a1-test/1/1.1/go%20hokies!.html HTTP/1.1 200 55

wait_for_connections: Awaiting New connection
wait_for_connections: Got connection from:('127.0.0.1', 35480)
wait_for_connections: Request HeaderTRACE / HTTP/1.1
Host: 127.0.0.1:5010
Testing-1: TINTIN-SAILOR
User-Agent: Tester/0.1
Accept: */*
Connection: close


wait_for_connections: Formatted Request Header: ['TRACE / HTTP/1.1', 'Host: 127.0.0.1:5010', 'Testing-1: TINTIN-SAILOR', 'User-Agent: Tester/0.1', 'Accept: */*', 'Connection: close']
validate_header:['TRACE / HTTP/1.1', 'Host: 127.0.0.1:5010', 'Testing-1: TINTIN-SAILOR', 'User-Agent: Tester/0.1', 'Accept: */*', 'Connection: close']
validate_header: Requested Method: TRACE
Requested File: /
HTTP Info: HTTP/1.1
validate_header: Key: Host: Value: 127.0.0.1:5010
validate_header: Host Header line being parsed
validate_header: requested_resource: /
validate_header: Hostname: 127.0.0.1
validate_header: Key: Testing-1: Value: TINTIN-SAILOR
Testing-1:Parsed
validate_header: Key: User-Agent: Value: Tester/0.1
validate_header: User Agent Parsed
validate_header: Key: Accept: Value: */*
validate_header: Accept Parsed
validate_header: Key: Connection: Value: close
validate_header: Connection parsed
wait_for_connections: Is header valid: True
fetch_resource: request methodTRACE
gen_headers: Start
gen_headers: HTTP/1.1 200 OK
Date: Mon, 15 Oct 2018 15:52:28 GMT
Server: Assignment1/Version/0.1
Content-Length: 124
Content-Type: message/http

HTTP/1.1 200 OK
Date: Mon, 15 Oct 2018 15:52:28 GMT
Server: Assignment1/Version/0.1
Content-Length: 124
Content-Type: message/http
Connection: close


gen_headers: End
b'HTTP/1.1 200 OK\nDate: Mon, 15 Oct 2018 15:52:28 GMT\r\nServer: Assignment1/Version/0.1\r\nContent-Length: 124\r\nContent-Type: message/http\r\nConnection: close\r\n\r\nTRACE / HTTP/1.1\r\nHost: 127.0.0.1:5010\r\nTesting-1: TINTIN-SAILOR\r\nUser-Agent: Tester/0.1\r\nAccept: */*\r\nConnection: close\r\n\r\n'
Closing connection with client
0.0.0.0 - - "[Mon, 15 Oct 2018 11:52:28]" TRACE / HTTP/1.1 200 124

wait_for_connections: Awaiting New connection
wait_for_connections: Got connection from:('127.0.0.1', 35482)
wait_for_connections: Request HeaderOPTIONS / HTTP/1.1
Host: 127.0.0.1:5010
Testing-1: TINTIN-SAILOR
User-Agent: Tester/0.1
Accept: */*
Connection: close


wait_for_connections: Formatted Request Header: ['OPTIONS / HTTP/1.1', 'Host: 127.0.0.1:5010', 'Testing-1: TINTIN-SAILOR', 'User-Agent: Tester/0.1', 'Accept: */*', 'Connection: close']
validate_header:['OPTIONS / HTTP/1.1', 'Host: 127.0.0.1:5010', 'Testing-1: TINTIN-SAILOR', 'User-Agent: Tester/0.1', 'Accept: */*', 'Connection: close']
validate_header: Requested Method: OPTIONS
Requested File: /
HTTP Info: HTTP/1.1
validate_header: Key: Host: Value: 127.0.0.1:5010
validate_header: Host Header line being parsed
validate_header: requested_resource: /
validate_header: Hostname: 127.0.0.1
validate_header: Key: Testing-1: Value: TINTIN-SAILOR
Testing-1:Parsed
validate_header: Key: User-Agent: Value: Tester/0.1
validate_header: User Agent Parsed
validate_header: Key: Accept: Value: */*
validate_header: Accept Parsed
validate_header: Key: Connection: Value: close
validate_header: Connection parsed
wait_for_connections: Is header valid: True
fetch_resource: request methodOPTIONS
gen_headers: Start
gen_headers: HTTP/1.1 200 OK
Date: Mon, 15 Oct 2018 15:52:28 GMT
Server: Assignment1/Version/0.1
Content-Length: 0
Allow: GET, HEAD, OPTIONS, TRACE 

HTTP/1.1 200 OK
Date: Mon, 15 Oct 2018 15:52:28 GMT
Server: Assignment1/Version/0.1
Content-Length: 0
Allow: GET, HEAD, OPTIONS, TRACE 
Connection: close


gen_headers: End
b'HTTP/1.1 200 OK\nDate: Mon, 15 Oct 2018 15:52:28 GMT\r\nServer: Assignment1/Version/0.1\r\nContent-Length: 0\r\nAllow: GET, HEAD, OPTIONS, TRACE \r\nConnection: close\r\n\r\n'
Closing connection with client
0.0.0.0 - - "[Mon, 15 Oct 2018 11:52:28]" OPTIONS / HTTP/1.1 200 0

wait_for_connections: Awaiting New connection
wait_for_connections: Got connection from:('127.0.0.1', 35484)
wait_for_connections: Request HeaderGET /foo HTTP/1.1
Host: 127.0.0.1
Header with missing colon


wait_for_connections: Formatted Request Header: ['GET /foo HTTP/1.1', 'Host: 127.0.0.1', 'Header with missing colon']
validate_header:['GET /foo HTTP/1.1', 'Host: 127.0.0.1', 'Header with missing colon']
validate_header: Requested Method: GET
Requested File: /foo
HTTP Info: HTTP/1.1
validate_header: Key: Host: Value: 127.0.0.1
validate_header: Host Header line being parsed
validate_header: requested_resource: /foo
validate_header: Hostname: 127.0.0.1
validate_header: Key: Header Value: with missing colon
validate_header: Bad Header because not a valid header line
gen_headers: Start
gen_headers: HTTP/1.1 400 Bad Request
Date: Mon, 15 Oct 2018 15:52:28 GMT
Server: Assignment1/Version/0.1
Content-Length: 161
Content-Type: text/html

HTTP/1.1 400 Bad Request
Date: Mon, 15 Oct 2018 15:52:28 GMT
Server: Assignment1/Version/0.1
Content-Length: 161
Content-Type: text/html
Connection: close


gen_headers: End
return_response_header: b'HTTP/1.1 400 Bad Request\nDate: Mon, 15 Oct 2018 15:52:28 GMT\r\nServer: Assignment1/Version/0.1\r\nContent-Length: 161\r\nContent-Type: text/html\r\nConnection: close\r\n\r\n<!DOCTYPE html>\n<html lang="en">\n<head>\n    <meta charset="UTF-8">\n    <title>400: Bad Request</title>\n</head>\n<body>\n    <p>400: Bad Request</p>\n</body>\n</html>'
return_response_header: Closing connection with client
0.0.0.0 - - "[Mon, 15 Oct 2018 11:52:28]" GET /foo HTTP/1.1 400 161

wait_for_connections: Is header valid: False
wait_for_connections: Awaiting New connection
wait_for_connections: Got connection from:('127.0.0.1', 35486)
wait_for_connections: Request HeaderGET / HTTP/1.1
Host: cs531-msiddique:80
Connection: close


wait_for_connections: Formatted Request Header: ['GET / HTTP/1.1', 'Host: cs531-msiddique:80', 'Connection: close']
validate_header:['GET / HTTP/1.1', 'Host: cs531-msiddique:80', 'Connection: close']
validate_header: Requested Method: GET
Requested File: /
HTTP Info: HTTP/1.1
validate_header: Key: Host: Value: cs531-msiddique:80
validate_header: Host Header line being parsed
validate_header: requested_resource: /
validate_header: Hostname: cs531-msiddique
validate_header: illegal IP address string passed to inet_aton
validate_header: [Errno -2] Name or service not known
gen_headers: Start
gen_headers: HTTP/1.1 400 Bad Request
Date: Mon, 15 Oct 2018 15:52:28 GMT
Server: Assignment1/Version/0.1
Content-Length: 161
Content-Type: text/html

HTTP/1.1 400 Bad Request
Date: Mon, 15 Oct 2018 15:52:28 GMT
Server: Assignment1/Version/0.1
Content-Length: 161
Content-Type: text/html
Connection: close


gen_headers: End
return_response_header: b'HTTP/1.1 400 Bad Request\nDate: Mon, 15 Oct 2018 15:52:28 GMT\r\nServer: Assignment1/Version/0.1\r\nContent-Length: 161\r\nContent-Type: text/html\r\nConnection: close\r\n\r\n<!DOCTYPE html>\n<html lang="en">\n<head>\n    <meta charset="UTF-8">\n    <title>400: Bad Request</title>\n</head>\n<body>\n    <p>400: Bad Request</p>\n</body>\n</html>'
return_response_header: Closing connection with client
0.0.0.0 - - "[Mon, 15 Oct 2018 11:52:28]" GET / HTTP/1.1 400 161

wait_for_connections: Is header valid: False
wait_for_connections: Awaiting New connection
wait_for_connections: Got connection from:('127.0.0.1', 35488)
wait_for_connections: Request HeaderOPTIONS /Debug.log HTTP/1.1
Host: 127.0.0.1:5010
Testing-1: TINTIN-SAILOR
User-Agent: Tester/0.1
Accept: */*
Connection: close


wait_for_connections: Formatted Request Header: ['OPTIONS /Debug.log HTTP/1.1', 'Host: 127.0.0.1:5010', 'Testing-1: TINTIN-SAILOR', 'User-Agent: Tester/0.1', 'Accept: */*', 'Connection: close']
validate_header:['OPTIONS /Debug.log HTTP/1.1', 'Host: 127.0.0.1:5010', 'Testing-1: TINTIN-SAILOR', 'User-Agent: Tester/0.1', 'Accept: */*', 'Connection: close']
validate_header: Requested Method: OPTIONS
Requested File: /Debug.log
HTTP Info: HTTP/1.1
validate_header: Key: Host: Value: 127.0.0.1:5010
validate_header: Host Header line being parsed
validate_header: requested_resource: /Debug.log
validate_header: Hostname: 127.0.0.1
validate_header: Key: Testing-1: Value: TINTIN-SAILOR
Testing-1:Parsed
validate_header: Key: User-Agent: Value: Tester/0.1
validate_header: User Agent Parsed
validate_header: Key: Accept: Value: */*
validate_header: Accept Parsed
validate_header: Key: Connection: Value: close
validate_header: Connection parsed
wait_for_connections: Is header valid: True
fetch_resource: request methodOPTIONS
gen_headers: Start
gen_headers: HTTP/1.1 200 OK
Date: Mon, 15 Oct 2018 15:52:28 GMT
Server: Assignment1/Version/0.1
Content-Length: 0
Allow: GET, HEAD, OPTIONS, TRACE 

HTTP/1.1 200 OK
Date: Mon, 15 Oct 2018 15:52:28 GMT
Server: Assignment1/Version/0.1
Content-Length: 0
Allow: GET, HEAD, OPTIONS, TRACE 
Connection: close


gen_headers: End
b'HTTP/1.1 200 OK\nDate: Mon, 15 Oct 2018 15:52:28 GMT\r\nServer: Assignment1/Version/0.1\r\nContent-Length: 0\r\nAllow: GET, HEAD, OPTIONS, TRACE \r\nConnection: close\r\n\r\n'
Closing connection with client
0.0.0.0 - - "[Mon, 15 Oct 2018 11:52:28]" OPTIONS /Debug.log HTTP/1.1 200 0

wait_for_connections: Awaiting New connection
wait_for_connections: Got connection from:('127.0.0.1', 35490)
wait_for_connections: Request HeaderOPTIONS /ErrorPage/Error400.html HTTP/1.1
Host: 127.0.0.1:5010
Testing-1: TINTIN-SAILOR
User-Agent: Tester/0.1
Accept: */*
Connection: close


wait_for_connections: Formatted Request Header: ['OPTIONS /ErrorPage/Error400.html HTTP/1.1', 'Host: 127.0.0.1:5010', 'Testing-1: TINTIN-SAILOR', 'User-Agent: Tester/0.1', 'Accept: */*', 'Connection: close']
validate_header:['OPTIONS /ErrorPage/Error400.html HTTP/1.1', 'Host: 127.0.0.1:5010', 'Testing-1: TINTIN-SAILOR', 'User-Agent: Tester/0.1', 'Accept: */*', 'Connection: close']
validate_header: Requested Method: OPTIONS
Requested File: /ErrorPage/Error400.html
HTTP Info: HTTP/1.1
validate_header: Key: Host: Value: 127.0.0.1:5010
validate_header: Host Header line being parsed
validate_header: requested_resource: /ErrorPage/Error400.html
validate_header: Hostname: 127.0.0.1
validate_header: Key: Testing-1: Value: TINTIN-SAILOR
Testing-1:Parsed
validate_header: Key: User-Agent: Value: Tester/0.1
validate_header: User Agent Parsed
validate_header: Key: Accept: Value: */*
validate_header: Accept Parsed
validate_header: Key: Connection: Value: close
validate_header: Connection parsed
wait_for_connections: Is header valid: True
fetch_resource: request methodOPTIONS
gen_headers: Start
gen_headers: HTTP/1.1 200 OK
Date: Mon, 15 Oct 2018 15:52:28 GMT
Server: Assignment1/Version/0.1
Content-Length: 0
Allow: GET, HEAD, OPTIONS, TRACE 

HTTP/1.1 200 OK
Date: Mon, 15 Oct 2018 15:52:28 GMT
Server: Assignment1/Version/0.1
Content-Length: 0
Allow: GET, HEAD, OPTIONS, TRACE 
Connection: close


gen_headers: End
b'HTTP/1.1 200 OK\nDate: Mon, 15 Oct 2018 15:52:28 GMT\r\nServer: Assignment1/Version/0.1\r\nContent-Length: 0\r\nAllow: GET, HEAD, OPTIONS, TRACE \r\nConnection: close\r\n\r\n'
Closing connection with client
0.0.0.0 - - "[Mon, 15 Oct 2018 11:52:28]" OPTIONS /ErrorPage/Error400.html HTTP/1.1 200 0

wait_for_connections: Awaiting New connection
wait_for_connections: Got connection from:('127.0.0.1', 35492)
wait_for_connections: Request HeaderOPTIONS /ErrorPage/Error400.html HTML/1.1
Host: 127.0.0.1:5010
Testing-1: TINTIN-SAILOR
User-Agent: Tester/0.1
Accept: */*
Connection: close


wait_for_connections: Formatted Request Header: ['OPTIONS /ErrorPage/Error400.html HTML/1.1', 'Host: 127.0.0.1:5010', 'Testing-1: TINTIN-SAILOR', 'User-Agent: Tester/0.1', 'Accept: */*', 'Connection: close']
validate_header:['OPTIONS /ErrorPage/Error400.html HTML/1.1', 'Host: 127.0.0.1:5010', 'Testing-1: TINTIN-SAILOR', 'User-Agent: Tester/0.1', 'Accept: */*', 'Connection: close']
validate_header: Requested Method: OPTIONS
Requested File: /ErrorPage/Error400.html
HTTP Info: HTML/1.1
gen_headers: Start
gen_headers: HTTP/1.1 400 Bad Request
Date: Mon, 15 Oct 2018 15:52:28 GMT
Server: Assignment1/Version/0.1
Content-Length: 0
Allow: GET, HEAD, OPTIONS, TRACE 

HTTP/1.1 400 Bad Request
Date: Mon, 15 Oct 2018 15:52:28 GMT
Server: Assignment1/Version/0.1
Content-Length: 0
Allow: GET, HEAD, OPTIONS, TRACE 
Connection: close


gen_headers: End
return_response_header: b'HTTP/1.1 400 Bad Request\nDate: Mon, 15 Oct 2018 15:52:28 GMT\r\nServer: Assignment1/Version/0.1\r\nContent-Length: 0\r\nAllow: GET, HEAD, OPTIONS, TRACE \r\nConnection: close\r\n\r\n'
return_response_header: Closing connection with client
0.0.0.0 - - "[Mon, 15 Oct 2018 11:52:28]" OPTIONS /ErrorPage/Error400.html HTML/1.1 400 0

wait_for_connections: Is header valid: False
wait_for_connections: Awaiting New connection
wait_for_connections: Got connection from:('127.0.0.1', 35494)
wait_for_connections: Request HeaderOPTIONS /ErrorPage/Error400.html HTTP/1.1
Testing-1: TINTIN-SAILOR
User-Agent: Tester/0.1
Accept: */*
Connection: close


wait_for_connections: Formatted Request Header: ['OPTIONS /ErrorPage/Error400.html HTTP/1.1', 'Testing-1: TINTIN-SAILOR', 'User-Agent: Tester/0.1', 'Accept: */*', 'Connection: close']
validate_header:['OPTIONS /ErrorPage/Error400.html HTTP/1.1', 'Testing-1: TINTIN-SAILOR', 'User-Agent: Tester/0.1', 'Accept: */*', 'Connection: close']
validate_header: Requested Method: OPTIONS
Requested File: /ErrorPage/Error400.html
HTTP Info: HTTP/1.1
validate_header: Key: Testing-1: Value: TINTIN-SAILOR
Testing-1:Parsed
validate_header: Key: User-Agent: Value: Tester/0.1
validate_header: User Agent Parsed
validate_header: Key: Accept: Value: */*
validate_header: Accept Parsed
validate_header: Key: Connection: Value: close
validate_header: Connection parsed
validate_header: Bad Header because not a valid header line
gen_headers: Start
gen_headers: HTTP/1.1 400 Bad Request
Date: Mon, 15 Oct 2018 15:52:28 GMT
Server: Assignment1/Version/0.1
Content-Length: 0
Allow: GET, HEAD, OPTIONS, TRACE 

HTTP/1.1 400 Bad Request
Date: Mon, 15 Oct 2018 15:52:28 GMT
Server: Assignment1/Version/0.1
Content-Length: 0
Allow: GET, HEAD, OPTIONS, TRACE 
Connection: close


gen_headers: End
return_response_header: b'HTTP/1.1 400 Bad Request\nDate: Mon, 15 Oct 2018 15:52:28 GMT\r\nServer: Assignment1/Version/0.1\r\nContent-Length: 0\r\nAllow: GET, HEAD, OPTIONS, TRACE \r\nConnection: close\r\n\r\n'
return_response_header: Closing connection with client
0.0.0.0 - - "[Mon, 15 Oct 2018 11:52:28]" OPTIONS /ErrorPage/Error400.html HTTP/1.1 400 0

wait_for_connections: Is header valid: False
wait_for_connections: Awaiting New connection
wait_for_connections: Got connection from:('127.0.0.1', 35496)
wait_for_connections: Request HeaderHEAD 127.0.0.1:5010/a1-test/1/1.1/go%20hokies!.html HTTP/1.1
Host: 127.0.0.1:5010
User-Agent: Tester/0.1
Accept: */*
Connection: close


wait_for_connections: Formatted Request Header: ['HEAD 127.0.0.1:5010/a1-test/1/1.1/go%20hokies!.html HTTP/1.1', 'Host: 127.0.0.1:5010', 'User-Agent: Tester/0.1', 'Accept: */*', 'Connection: close']
validate_header:['HEAD 127.0.0.1:5010/a1-test/1/1.1/go%20hokies!.html HTTP/1.1', 'Host: 127.0.0.1:5010', 'User-Agent: Tester/0.1', 'Accept: */*', 'Connection: close']
validate_header: Requested Method: HEAD
Requested File: 127.0.0.1:5010/a1-test/1/1.1/go%20hokies!.html
HTTP Info: HTTP/1.1
validate_header: Key: Host: Value: 127.0.0.1:5010
validate_header: Host Header line being parsed
validate_header: requested_resource: /a1-test/1/1.1/go%20hokies!.html
validate_header: requested_resource: /a1-test/1/1.1/go%20hokies!.html
validate_header: Hostname: 127.0.0.1
validate_header: Key: User-Agent: Value: Tester/0.1
validate_header: User Agent Parsed
validate_header: Key: Accept: Value: */*
validate_header: Accept Parsed
validate_header: Key: Connection: Value: close
validate_header: Connection parsed
wait_for_connections: Is header valid: True
fetch_resource: request method: HEAD
fetch_resource: Is File:/a1-test/1/1.1/go hokies!.html
gen_headers: Start
gen_headers: HTTP/1.1 200 OK
Date: Mon, 15 Oct 2018 15:52:28 GMT
Server: Assignment1/Version/0.1
Content-Length: 55
Last-Modified: Thu, 27 Sep 2018 15:25:31 GMT
Content-Type: text/html

HTTP/1.1 200 OK
Date: Mon, 15 Oct 2018 15:52:28 GMT
Server: Assignment1/Version/0.1
Content-Length: 55
Last-Modified: Thu, 27 Sep 2018 15:25:31 GMT
Content-Type: text/html
Connection: close


gen_headers: End
b'HTTP/1.1 200 OK\nDate: Mon, 15 Oct 2018 15:52:28 GMT\r\nServer: Assignment1/Version/0.1\r\nContent-Length: 55\r\nLast-Modified: Thu, 27 Sep 2018 15:25:31 GMT\r\nContent-Type: text/html\r\nConnection: close\r\n\r\n'
Closing connection with client
0.0.0.0 - - "[Mon, 15 Oct 2018 11:52:28]" HEAD 127.0.0.1:5010/a1-test/1/1.1/go%20hokies!.html HTTP/1.1 200 55

wait_for_connections: Awaiting New connection
wait_for_connections: Got connection from:('127.0.0.1', 35498)
wait_for_connections: Request HeaderHEAD 127.0.0.1:5010/a1-test/2/0.jpeg HTTP/1.1
Host: 127.0.0.1:5010
User-Agent: Tester/0.1
Accept: */*
Connection: close


wait_for_connections: Formatted Request Header: ['HEAD 127.0.0.1:5010/a1-test/2/0.jpeg HTTP/1.1', 'Host: 127.0.0.1:5010', 'User-Agent: Tester/0.1', 'Accept: */*', 'Connection: close']
validate_header:['HEAD 127.0.0.1:5010/a1-test/2/0.jpeg HTTP/1.1', 'Host: 127.0.0.1:5010', 'User-Agent: Tester/0.1', 'Accept: */*', 'Connection: close']
validate_header: Requested Method: HEAD
Requested File: 127.0.0.1:5010/a1-test/2/0.jpeg
HTTP Info: HTTP/1.1
validate_header: Key: Host: Value: 127.0.0.1:5010
validate_header: Host Header line being parsed
validate_header: requested_resource: /a1-test/2/0.jpeg
validate_header: requested_resource: /a1-test/2/0.jpeg
validate_header: Hostname: 127.0.0.1
validate_header: Key: User-Agent: Value: Tester/0.1
validate_header: User Agent Parsed
validate_header: Key: Accept: Value: */*
validate_header: Accept Parsed
validate_header: Key: Connection: Value: close
validate_header: Connection parsed
wait_for_connections: Is header valid: True
fetch_resource: request method: HEAD
fetch_resource: Is File:/a1-test/2/0.jpeg
gen_headers: Start
gen_headers: HTTP/1.1 200 OK
Date: Mon, 15 Oct 2018 15:52:28 GMT
Server: Assignment1/Version/0.1
Content-Length: 38457
Last-Modified: Thu, 27 Sep 2018 15:25:31 GMT
Content-Type: image/jpeg

HTTP/1.1 200 OK
Date: Mon, 15 Oct 2018 15:52:28 GMT
Server: Assignment1/Version/0.1
Content-Length: 38457
Last-Modified: Thu, 27 Sep 2018 15:25:31 GMT
Content-Type: image/jpeg
Connection: close


gen_headers: End
b'HTTP/1.1 200 OK\nDate: Mon, 15 Oct 2018 15:52:28 GMT\r\nServer: Assignment1/Version/0.1\r\nContent-Length: 38457\r\nLast-Modified: Thu, 27 Sep 2018 15:25:31 GMT\r\nContent-Type: image/jpeg\r\nConnection: close\r\n\r\n'
Closing connection with client
0.0.0.0 - - "[Mon, 15 Oct 2018 11:52:28]" HEAD 127.0.0.1:5010/a1-test/2/0.jpeg HTTP/1.1 200 38457

wait_for_connections: Awaiting New connection
wait_for_connections: Got connection from:('127.0.0.1', 35506)
wait_for_connections: Request HeaderGET / HTTP/1.1
Host: 127.0.0.1:5010
User-Agent: Tester/0.1
Accept: */*
Connection: close


wait_for_connections: Formatted Request Header: ['GET / HTTP/1.1', 'Host: 127.0.0.1:5010', 'User-Agent: Tester/0.1', 'Accept: */*', 'Connection: close']
validate_header:['GET / HTTP/1.1', 'Host: 127.0.0.1:5010', 'User-Agent: Tester/0.1', 'Accept: */*', 'Connection: close']
validate_header: Requested Method: GET
Requested File: /
HTTP Info: HTTP/1.1
validate_header: Key: Host: Value: 127.0.0.1:5010
validate_header: Host Header line being parsed
validate_header: requested_resource: /
validate_header: Hostname: 127.0.0.1
validate_header: Key: User-Agent: Value: Tester/0.1
validate_header: User Agent Parsed
validate_header: Key: Accept: Value: */*
validate_header: Accept Parsed
validate_header: Key: Connection: Value: close
validate_header: Connection parsed
wait_for_connections: Is header valid: True
fetch_resource: request method: GET
create_directory_listing: Requested Resource is /
create_directory_listing: Requested Resource is dir: <a href= /a1-test/>a1-test/</a>
create_directory_listing: Requested Resource is /
create_directory_listing: Requested Resource is file: <a href= /Common.log>Common.log</a>
create_directory_listing: Requested Resource is /
create_directory_listing: Requested Resource is file: <a href= /Debug.log>Debug.log</a>
create_directory_listing: Requested Resource is /
create_directory_listing: Requested Resource is dir: <a href= /ErrorPage/>ErrorPage/</a>

        <!DOCTYPE html>
        <html>
            <head>Index of /</head> 
            <body>
                <h1> Index of /</h1>
                <table><tr><th>Name </th><th> Last Modified Time</th><th> Size</th></tr><tr><td><a href= /a1-test/>a1-test/</a></td><td>Sun, 18 Jan 1970 14:14:36</td><td>--</td></tr><tr><td><a href= /Common.log>Common.log</a></td><td>Sun, 18 Jan 1970 14:40:18</td><td>1917</td></tr><tr><td><a href= /Debug.log>Debug.log</a></td><td>Sun, 18 Jan 1970 14:40:18</td><td>47541</td></tr><tr><td><a href= /ErrorPage/>ErrorPage/</a></td><td>Sun, 18 Jan 1970 14:22:10</td><td>--</td></tr></table>
            </body>
        </html>
gen_headers: Start
gen_headers: HTTP/1.1 200 OK
Date: Mon, 15 Oct 2018 15:55:55 GMT
Server: Assignment1/Version/0.1
Content-Length: 656
Last-Modified: Tue, 02 Oct 2018 21:28:12 GMT
Content-Type: text/html

HTTP/1.1 200 OK
Date: Mon, 15 Oct 2018 15:55:55 GMT
Server: Assignment1/Version/0.1
Content-Length: 656
Last-Modified: Tue, 02 Oct 2018 21:28:12 GMT
Content-Type: text/html
Connection: close


gen_headers: End
b'HTTP/1.1 200 OK\nDate: Mon, 15 Oct 2018 15:55:55 GMT\r\nServer: Assignment1/Version/0.1\r\nContent-Length: 656\r\nLast-Modified: Tue, 02 Oct 2018 21:28:12 GMT\r\nContent-Type: text/html\r\nConnection: close\r\n\r\n\n        <!DOCTYPE html>\n        <html>\n            <head>Index of /</head> \n            <body>\n                <h1> Index of /</h1>\n                <table><tr><th>Name </th><th> Last Modified Time</th><th> Size</th></tr><tr><td><a href= /a1-test/>a1-test/</a></td><td>Sun, 18 Jan 1970 14:14:36</td><td>--</td></tr><tr><td><a href= /Common.log>Common.log</a></td><td>Sun, 18 Jan 1970 14:40:18</td><td>1917</td></tr><tr><td><a href= /Debug.log>Debug.log</a></td><td>Sun, 18 Jan 1970 14:40:18</td><td>47541</td></tr><tr><td><a href= /ErrorPage/>ErrorPage/</a></td><td>Sun, 18 Jan 1970 14:22:10</td><td>--</td></tr></table>\n            </body>\n        </html>'
Closing connection with client
0.0.0.0 - - "[Mon, 15 Oct 2018 11:55:55]" GET / HTTP/1.1 200 656

wait_for_connections: Awaiting New connection
wait_for_connections: Got connection from:('127.0.0.1', 35508)
wait_for_connections: Request HeaderGET / HTTP/3.1
Host: 127.0.0.1:5010
User-Agent: Tester/0.1
Accept: */*
Connection: close


wait_for_connections: Formatted Request Header: ['GET / HTTP/3.1', 'Host: 127.0.0.1:5010', 'User-Agent: Tester/0.1', 'Accept: */*', 'Connection: close']
validate_header:['GET / HTTP/3.1', 'Host: 127.0.0.1:5010', 'User-Agent: Tester/0.1', 'Accept: */*', 'Connection: close']
validate_header: Requested Method: GET
Requested File: /
HTTP Info: HTTP/3.1
validate_header: HTTP Version: 3.1
gen_headers: Start
gen_headers: HTTP/1.1 505 HTTP Version Not Supported
Date: Mon, 15 Oct 2018 15:55:55 GMT
Server: Assignment1/Version/0.1
Content-Length: 191
Content-Type: text/html

HTTP/1.1 505 HTTP Version Not Supported
Date: Mon, 15 Oct 2018 15:55:55 GMT
Server: Assignment1/Version/0.1
Content-Length: 191
Content-Type: text/html
Connection: close


gen_headers: End
return_response_header: b'HTTP/1.1 505 HTTP Version Not Supported\nDate: Mon, 15 Oct 2018 15:55:55 GMT\r\nServer: Assignment1/Version/0.1\r\nContent-Length: 191\r\nContent-Type: text/html\r\nConnection: close\r\n\r\n<!DOCTYPE html>\n<html lang="en">\n<head>\n    <meta charset="UTF-8">\n    <title>505: HTTP Version Not Supported</title>\n</head>\n<body>\n    <p>505: HTTP Version Not Supported</p>\n</body>\n</html>'
return_response_header: Closing connection with client
0.0.0.0 - - "[Mon, 15 Oct 2018 11:55:55]" GET / HTTP/3.1 505 191

wait_for_connections: Is header valid: False
wait_for_connections: Awaiting New connection
wait_for_connections: Got connection from:('127.0.0.1', 35510)
wait_for_connections: Request HeaderFOO / HTTP/1.1
Host: 127.0.0.1:5010
User-Agent: Tester/0.1
Accept: */*
Connection: close


wait_for_connections: Formatted Request Header: ['FOO / HTTP/1.1', 'Host: 127.0.0.1:5010', 'User-Agent: Tester/0.1', 'Accept: */*', 'Connection: close']
validate_header:['FOO / HTTP/1.1', 'Host: 127.0.0.1:5010', 'User-Agent: Tester/0.1', 'Accept: */*', 'Connection: close']
validate_header: Requested Method: FOO
gen_headers: Start
gen_headers: HTTP/1.1 501 Not Implemented
Date: Mon, 15 Oct 2018 15:55:55 GMT
Server: Assignment1/Version/0.1
Content-Length: 0
Allow: GET, HEAD, OPTIONS, TRACE 

HTTP/1.1 501 Not Implemented
Date: Mon, 15 Oct 2018 15:55:55 GMT
Server: Assignment1/Version/0.1
Content-Length: 0
Allow: GET, HEAD, OPTIONS, TRACE 
Connection: close


gen_headers: End
return_response_header: b'HTTP/1.1 501 Not Implemented\nDate: Mon, 15 Oct 2018 15:55:55 GMT\r\nServer: Assignment1/Version/0.1\r\nContent-Length: 0\r\nAllow: GET, HEAD, OPTIONS, TRACE \r\nConnection: close\r\n\r\n'
return_response_header: Closing connection with client
0.0.0.0 - - "[Mon, 15 Oct 2018 11:55:55]" FOO / HTTP/1.1 501 0

wait_for_connections: Is header valid: False
wait_for_connections: Awaiting New connection
wait_for_connections: Got connection from:('127.0.0.1', 35512)
wait_for_connections: Request HeaderGET /a1-test/1/1.3/assignment1.ppt HTTP/1.1
Host: 127.0.0.1:5010
User-Agent: Tester/0.1
Accept: */*
Connection: close


wait_for_connections: Formatted Request Header: ['GET /a1-test/1/1.3/assignment1.ppt HTTP/1.1', 'Host: 127.0.0.1:5010', 'User-Agent: Tester/0.1', 'Accept: */*', 'Connection: close']
validate_header:['GET /a1-test/1/1.3/assignment1.ppt HTTP/1.1', 'Host: 127.0.0.1:5010', 'User-Agent: Tester/0.1', 'Accept: */*', 'Connection: close']
validate_header: Requested Method: GET
Requested File: /a1-test/1/1.3/assignment1.ppt
HTTP Info: HTTP/1.1
validate_header: Key: Host: Value: 127.0.0.1:5010
validate_header: Host Header line being parsed
validate_header: requested_resource: /a1-test/1/1.3/assignment1.ppt
validate_header: Hostname: 127.0.0.1
validate_header: Key: User-Agent: Value: Tester/0.1
validate_header: User Agent Parsed
validate_header: Key: Accept: Value: */*
validate_header: Accept Parsed
validate_header: Key: Connection: Value: close
validate_header: Connection parsed
wait_for_connections: Is header valid: True
fetch_resource: request method: GET
fetch_resource: Is File:/a1-test/1/1.3/assignment1.ppt
gen_headers: Start
gen_headers: HTTP/1.1 200 OK
Date: Mon, 15 Oct 2018 15:55:55 GMT
Server: Assignment1/Version/0.1
Content-Length: 46592
Last-Modified: Thu, 27 Sep 2018 15:25:31 GMT
Content-Type: application/vnd.ms-powerpoint

HTTP/1.1 200 OK
Date: Mon, 15 Oct 2018 15:55:55 GMT
Server: Assignment1/Version/0.1
Content-Length: 46592
Last-Modified: Thu, 27 Sep 2018 15:25:31 GMT
Content-Type: application/vnd.ms-powerpoint
Connection: close


gen_headers: End
b'HTTP/1.1 200 OK\nDate: Mon, 15 Oct 2018 15:55:55 GMT\r\nServer: Assignment1/Version/0.1\r\nContent-Length: 46592\r\nLast-Modified: Thu, 27 Sep 2018 15:25:31 GMT\r\nContent-Type: application/vnd.ms-powerpoint\r\nConnection: close\r\n\r\n'
Closing connection with client
0.0.0.0 - - "[Mon, 15 Oct 2018 11:55:55]" GET /a1-test/1/1.3/assignment1.ppt HTTP/1.1 200 46592

wait_for_connections: Awaiting New connection
wait_for_connections: Got connection from:('127.0.0.1', 35514)
wait_for_connections: Request HeaderGET /a1-test/1/1.2/arXiv.org.Idenitfy.repsonse.xml HTTP/1.1
Host: 127.0.0.1:5010
User-Agent: Tester/0.1
Accept: */*
Connection: close


wait_for_connections: Formatted Request Header: ['GET /a1-test/1/1.2/arXiv.org.Idenitfy.repsonse.xml HTTP/1.1', 'Host: 127.0.0.1:5010', 'User-Agent: Tester/0.1', 'Accept: */*', 'Connection: close']
validate_header:['GET /a1-test/1/1.2/arXiv.org.Idenitfy.repsonse.xml HTTP/1.1', 'Host: 127.0.0.1:5010', 'User-Agent: Tester/0.1', 'Accept: */*', 'Connection: close']
validate_header: Requested Method: GET
Requested File: /a1-test/1/1.2/arXiv.org.Idenitfy.repsonse.xml
HTTP Info: HTTP/1.1
validate_header: Key: Host: Value: 127.0.0.1:5010
validate_header: Host Header line being parsed
validate_header: requested_resource: /a1-test/1/1.2/arXiv.org.Idenitfy.repsonse.xml
validate_header: Hostname: 127.0.0.1
validate_header: Key: User-Agent: Value: Tester/0.1
validate_header: User Agent Parsed
validate_header: Key: Accept: Value: */*
validate_header: Accept Parsed
validate_header: Key: Connection: Value: close
validate_header: Connection parsed
wait_for_connections: Is header valid: True
fetch_resource: request method: GET
fetch_resource: Is File:/a1-test/1/1.2/arXiv.org.Idenitfy.repsonse.xml
gen_headers: Start
gen_headers: HTTP/1.1 200 OK
Date: Mon, 15 Oct 2018 15:55:55 GMT
Server: Assignment1/Version/0.1
Content-Length: 3142
Last-Modified: Thu, 27 Sep 2018 15:25:31 GMT
Content-Type: text/xml

HTTP/1.1 200 OK
Date: Mon, 15 Oct 2018 15:55:55 GMT
Server: Assignment1/Version/0.1
Content-Length: 3142
Last-Modified: Thu, 27 Sep 2018 15:25:31 GMT
Content-Type: text/xml
Connection: close


gen_headers: End
b'HTTP/1.1 200 OK\nDate: Mon, 15 Oct 2018 15:55:55 GMT\r\nServer: Assignment1/Version/0.1\r\nContent-Length: 3142\r\nLast-Modified: Thu, 27 Sep 2018 15:25:31 GMT\r\nContent-Type: text/xml\r\nConnection: close\r\n\r\n'
Closing connection with client
0.0.0.0 - - "[Mon, 15 Oct 2018 11:55:55]" GET /a1-test/1/1.2/arXiv.org.Idenitfy.repsonse.xml HTTP/1.1 200 3142

wait_for_connections: Awaiting New connection
wait_for_connections: Got connection from:('127.0.0.1', 35516)
wait_for_connections: Request HeaderGET /a1-test/1/1.4/escape%this.html HTTP/1.1
Host: 127.0.0.1:5010
User-Agent: Tester/0.1
Accept: */*
Connection: close


wait_for_connections: Formatted Request Header: ['GET /a1-test/1/1.4/escape%this.html HTTP/1.1', 'Host: 127.0.0.1:5010', 'User-Agent: Tester/0.1', 'Accept: */*', 'Connection: close']
validate_header:['GET /a1-test/1/1.4/escape%this.html HTTP/1.1', 'Host: 127.0.0.1:5010', 'User-Agent: Tester/0.1', 'Accept: */*', 'Connection: close']
validate_header: Requested Method: GET
Requested File: /a1-test/1/1.4/escape%this.html
HTTP Info: HTTP/1.1
validate_header: Key: Host: Value: 127.0.0.1:5010
validate_header: Host Header line being parsed
validate_header: requested_resource: /a1-test/1/1.4/escape%this.html
validate_header: Hostname: 127.0.0.1
validate_header: Key: User-Agent: Value: Tester/0.1
validate_header: User Agent Parsed
validate_header: Key: Accept: Value: */*
validate_header: Accept Parsed
validate_header: Key: Connection: Value: close
validate_header: Connection parsed
wait_for_connections: Is header valid: True
fetch_resource: request method: GET
fetch_resource: Is File:/a1-test/1/1.4/escape%this.html
gen_headers: Start
gen_headers: HTTP/1.1 200 OK
Date: Mon, 15 Oct 2018 15:55:55 GMT
Server: Assignment1/Version/0.1
Content-Length: 67
Last-Modified: Thu, 27 Sep 2018 15:25:31 GMT
Content-Type: text/html

HTTP/1.1 200 OK
Date: Mon, 15 Oct 2018 15:55:55 GMT
Server: Assignment1/Version/0.1
Content-Length: 67
Last-Modified: Thu, 27 Sep 2018 15:25:31 GMT
Content-Type: text/html
Connection: close


gen_headers: End
b'HTTP/1.1 200 OK\nDate: Mon, 15 Oct 2018 15:55:55 GMT\r\nServer: Assignment1/Version/0.1\r\nContent-Length: 67\r\nLast-Modified: Thu, 27 Sep 2018 15:25:31 GMT\r\nContent-Type: text/html\r\nConnection: close\r\n\r\n'
Closing connection with client
0.0.0.0 - - "[Mon, 15 Oct 2018 11:55:55]" GET /a1-test/1/1.4/escape%this.html HTTP/1.1 200 67

wait_for_connections: Awaiting New connection
wait_for_connections: Got connection from:('127.0.0.1', 35518)
wait_for_connections: Request HeaderGET /a1-test/1/1.4/test:.HTM HTTP/1.1
Host: 127.0.0.1:5010
User-Agent: Tester/0.1
Accept: */*
Connection: close


wait_for_connections: Formatted Request Header: ['GET /a1-test/1/1.4/test:.HTM HTTP/1.1', 'Host: 127.0.0.1:5010', 'User-Agent: Tester/0.1', 'Accept: */*', 'Connection: close']
validate_header:['GET /a1-test/1/1.4/test:.HTM HTTP/1.1', 'Host: 127.0.0.1:5010', 'User-Agent: Tester/0.1', 'Accept: */*', 'Connection: close']
validate_header: Requested Method: GET
Requested File: /a1-test/1/1.4/test:.HTM
HTTP Info: HTTP/1.1
validate_header: Key: Host: Value: 127.0.0.1:5010
validate_header: Host Header line being parsed
validate_header: requested_resource: /a1-test/1/1.4/test:.HTM
validate_header: Hostname: 127.0.0.1
validate_header: Key: User-Agent: Value: Tester/0.1
validate_header: User Agent Parsed
validate_header: Key: Accept: Value: */*
validate_header: Accept Parsed
validate_header: Key: Connection: Value: close
validate_header: Connection parsed
wait_for_connections: Is header valid: True
fetch_resource: request method: GET
fetch_resource: Is File:/a1-test/1/1.4/test:.HTM
gen_headers: Start
gen_headers: HTTP/1.1 200 OK
Date: Mon, 15 Oct 2018 15:55:55 GMT
Server: Assignment1/Version/0.1
Content-Length: 25
Last-Modified: Thu, 27 Sep 2018 15:25:31 GMT
Content-Type: text/html

HTTP/1.1 200 OK
Date: Mon, 15 Oct 2018 15:55:55 GMT
Server: Assignment1/Version/0.1
Content-Length: 25
Last-Modified: Thu, 27 Sep 2018 15:25:31 GMT
Content-Type: text/html
Connection: close


gen_headers: End
b'HTTP/1.1 200 OK\nDate: Mon, 15 Oct 2018 15:55:55 GMT\r\nServer: Assignment1/Version/0.1\r\nContent-Length: 25\r\nLast-Modified: Thu, 27 Sep 2018 15:25:31 GMT\r\nContent-Type: text/html\r\nConnection: close\r\n\r\n'
Closing connection with client
0.0.0.0 - - "[Mon, 15 Oct 2018 11:55:55]" GET /a1-test/1/1.4/test:.HTM HTTP/1.1 200 25

wait_for_connections: Awaiting New connection
wait_for_connections: Got connection from:('127.0.0.1', 35520)
wait_for_connections: Request HeaderGET /a1-test/2/0.jpeg HTTP/1.1
Host: 127.0.0.1:5010
User-Agent: Tester/0.1
Accept: */*
Connection: close


wait_for_connections: Formatted Request Header: ['GET /a1-test/2/0.jpeg HTTP/1.1', 'Host: 127.0.0.1:5010', 'User-Agent: Tester/0.1', 'Accept: */*', 'Connection: close']
validate_header:['GET /a1-test/2/0.jpeg HTTP/1.1', 'Host: 127.0.0.1:5010', 'User-Agent: Tester/0.1', 'Accept: */*', 'Connection: close']
validate_header: Requested Method: GET
Requested File: /a1-test/2/0.jpeg
HTTP Info: HTTP/1.1
validate_header: Key: Host: Value: 127.0.0.1:5010
validate_header: Host Header line being parsed
validate_header: requested_resource: /a1-test/2/0.jpeg
validate_header: Hostname: 127.0.0.1
validate_header: Key: User-Agent: Value: Tester/0.1
validate_header: User Agent Parsed
validate_header: Key: Accept: Value: */*
validate_header: Accept Parsed
validate_header: Key: Connection: Value: close
validate_header: Connection parsed
wait_for_connections: Is header valid: True
fetch_resource: request method: GET
fetch_resource: Is File:/a1-test/2/0.jpeg
gen_headers: Start
gen_headers: HTTP/1.1 200 OK
Date: Mon, 15 Oct 2018 15:55:55 GMT
Server: Assignment1/Version/0.1
Content-Length: 38457
Last-Modified: Thu, 27 Sep 2018 15:25:31 GMT
Content-Type: image/jpeg

HTTP/1.1 200 OK
Date: Mon, 15 Oct 2018 15:55:55 GMT
Server: Assignment1/Version/0.1
Content-Length: 38457
Last-Modified: Thu, 27 Sep 2018 15:25:31 GMT
Content-Type: image/jpeg
Connection: close


gen_headers: End
b'HTTP/1.1 200 OK\nDate: Mon, 15 Oct 2018 15:55:55 GMT\r\nServer: Assignment1/Version/0.1\r\nContent-Length: 38457\r\nLast-Modified: Thu, 27 Sep 2018 15:25:31 GMT\r\nContent-Type: image/jpeg\r\nConnection: close\r\n\r\n'
Closing connection with client
0.0.0.0 - - "[Mon, 15 Oct 2018 11:55:55]" GET /a1-test/2/0.jpeg HTTP/1.1 200 38457

wait_for_connections: Awaiting New connection
wait_for_connections: Got connection from:('127.0.0.1', 35522)
wait_for_connections: Request HeaderGET /a1-test/2/6.gif HTTP/1.1
Host: 127.0.0.1:5010
User-Agent: Tester/0.1
Accept: */*
Connection: close


wait_for_connections: Formatted Request Header: ['GET /a1-test/2/6.gif HTTP/1.1', 'Host: 127.0.0.1:5010', 'User-Agent: Tester/0.1', 'Accept: */*', 'Connection: close']
validate_header:['GET /a1-test/2/6.gif HTTP/1.1', 'Host: 127.0.0.1:5010', 'User-Agent: Tester/0.1', 'Accept: */*', 'Connection: close']
validate_header: Requested Method: GET
Requested File: /a1-test/2/6.gif
HTTP Info: HTTP/1.1
validate_header: Key: Host: Value: 127.0.0.1:5010
validate_header: Host Header line being parsed
validate_header: requested_resource: /a1-test/2/6.gif
validate_header: Hostname: 127.0.0.1
validate_header: Key: User-Agent: Value: Tester/0.1
validate_header: User Agent Parsed
validate_header: Key: Accept: Value: */*
validate_header: Accept Parsed
validate_header: Key: Connection: Value: close
validate_header: Connection parsed
wait_for_connections: Is header valid: True
fetch_resource: request method: GET
fetch_resource: Is File:/a1-test/2/6.gif
gen_headers: Start
gen_headers: HTTP/1.1 200 OK
Date: Mon, 15 Oct 2018 15:55:55 GMT
Server: Assignment1/Version/0.1
Content-Length: 49803
Last-Modified: Thu, 27 Sep 2018 15:25:31 GMT
Content-Type: image/gif

HTTP/1.1 200 OK
Date: Mon, 15 Oct 2018 15:55:55 GMT
Server: Assignment1/Version/0.1
Content-Length: 49803
Last-Modified: Thu, 27 Sep 2018 15:25:31 GMT
Content-Type: image/gif
Connection: close


gen_headers: End
b'HTTP/1.1 200 OK\nDate: Mon, 15 Oct 2018 15:55:55 GMT\r\nServer: Assignment1/Version/0.1\r\nContent-Length: 49803\r\nLast-Modified: Thu, 27 Sep 2018 15:25:31 GMT\r\nContent-Type: image/gif\r\nConnection: close\r\n\r\n'
Closing connection with client
0.0.0.0 - - "[Mon, 15 Oct 2018 11:55:55]" GET /a1-test/2/6.gif HTTP/1.1 200 49803

wait_for_connections: Awaiting New connection
wait_for_connections: Got connection from:('127.0.0.1', 35524)
wait_for_connections: Request HeaderGET /a1-test/4/thisfileisempty.txt HTTP/1.1
Host: 127.0.0.1:5010
User-Agent: Tester/0.1
Accept: */*
Connection: close


wait_for_connections: Formatted Request Header: ['GET /a1-test/4/thisfileisempty.txt HTTP/1.1', 'Host: 127.0.0.1:5010', 'User-Agent: Tester/0.1', 'Accept: */*', 'Connection: close']
validate_header:['GET /a1-test/4/thisfileisempty.txt HTTP/1.1', 'Host: 127.0.0.1:5010', 'User-Agent: Tester/0.1', 'Accept: */*', 'Connection: close']
validate_header: Requested Method: GET
Requested File: /a1-test/4/thisfileisempty.txt
HTTP Info: HTTP/1.1
validate_header: Key: Host: Value: 127.0.0.1:5010
validate_header: Host Header line being parsed
validate_header: requested_resource: /a1-test/4/thisfileisempty.txt
validate_header: Hostname: 127.0.0.1
validate_header: Key: User-Agent: Value: Tester/0.1
validate_header: User Agent Parsed
validate_header: Key: Accept: Value: */*
validate_header: Accept Parsed
validate_header: Key: Connection: Value: close
validate_header: Connection parsed
wait_for_connections: Is header valid: True
fetch_resource: request method: GET
fetch_resource: Is File:/a1-test/4/thisfileisempty.txt
gen_headers: Start
gen_headers: HTTP/1.1 200 OK
Date: Mon, 15 Oct 2018 15:55:55 GMT
Server: Assignment1/Version/0.1
Content-Length: 0
Last-Modified: Thu, 27 Sep 2018 15:25:31 GMT
Content-Type: text/plain

HTTP/1.1 200 OK
Date: Mon, 15 Oct 2018 15:55:55 GMT
Server: Assignment1/Version/0.1
Content-Length: 0
Last-Modified: Thu, 27 Sep 2018 15:25:31 GMT
Content-Type: text/plain
Connection: close


gen_headers: End
b'HTTP/1.1 200 OK\nDate: Mon, 15 Oct 2018 15:55:55 GMT\r\nServer: Assignment1/Version/0.1\r\nContent-Length: 0\r\nLast-Modified: Thu, 27 Sep 2018 15:25:31 GMT\r\nContent-Type: text/plain\r\nConnection: close\r\n\r\n'
Closing connection with client
0.0.0.0 - - "[Mon, 15 Oct 2018 11:55:55]" GET /a1-test/4/thisfileisempty.txt HTTP/1.1 200 0

wait_for_connections: Awaiting New connection
wait_for_connections: Got connection from:('127.0.0.1', 35526)
wait_for_connections: Request HeaderGET /a1-test/4/directory3isempty HTTP/1.1
Host: 127.0.0.1:5010
User-Agent: Tester/0.1
Accept: */*
Connection: close


wait_for_connections: Formatted Request Header: ['GET /a1-test/4/directory3isempty HTTP/1.1', 'Host: 127.0.0.1:5010', 'User-Agent: Tester/0.1', 'Accept: */*', 'Connection: close']
validate_header:['GET /a1-test/4/directory3isempty HTTP/1.1', 'Host: 127.0.0.1:5010', 'User-Agent: Tester/0.1', 'Accept: */*', 'Connection: close']
validate_header: Requested Method: GET
Requested File: /a1-test/4/directory3isempty
HTTP Info: HTTP/1.1
validate_header: Key: Host: Value: 127.0.0.1:5010
validate_header: Host Header line being parsed
validate_header: requested_resource: /a1-test/4/directory3isempty
validate_header: Hostname: 127.0.0.1
validate_header: Key: User-Agent: Value: Tester/0.1
validate_header: User Agent Parsed
validate_header: Key: Accept: Value: */*
validate_header: Accept Parsed
validate_header: Key: Connection: Value: close
validate_header: Connection parsed
wait_for_connections: Is header valid: True
fetch_resource: request method: GET
fetch_resource: Is File:/a1-test/4/directory3isempty
gen_headers: Start
gen_headers: HTTP/1.1 200 OK
Date: Mon, 15 Oct 2018 15:55:55 GMT
Server: Assignment1/Version/0.1
Content-Length: 0
Last-Modified: Thu, 27 Sep 2018 15:25:31 GMT
Content-Type: application/octet-stream

HTTP/1.1 200 OK
Date: Mon, 15 Oct 2018 15:55:55 GMT
Server: Assignment1/Version/0.1
Content-Length: 0
Last-Modified: Thu, 27 Sep 2018 15:25:31 GMT
Content-Type: application/octet-stream
Connection: close


gen_headers: End
b'HTTP/1.1 200 OK\nDate: Mon, 15 Oct 2018 15:55:55 GMT\r\nServer: Assignment1/Version/0.1\r\nContent-Length: 0\r\nLast-Modified: Thu, 27 Sep 2018 15:25:31 GMT\r\nContent-Type: application/octet-stream\r\nConnection: close\r\n\r\n'
Closing connection with client
0.0.0.0 - - "[Mon, 15 Oct 2018 11:55:55]" GET /a1-test/4/directory3isempty HTTP/1.1 200 0

wait_for_connections: Awaiting New connection
wait_for_connections: Got connection from:('127.0.0.1', 35528)
wait_for_connections: Request HeaderGET /a1-test/1/1.1/go%20hokies!.html HTTP/1.1
Host: 127.0.0.1:5010
User-Agent: Tester/0.1
Accept: */*
Connection: close


wait_for_connections: Formatted Request Header: ['GET /a1-test/1/1.1/go%20hokies!.html HTTP/1.1', 'Host: 127.0.0.1:5010', 'User-Agent: Tester/0.1', 'Accept: */*', 'Connection: close']
validate_header:['GET /a1-test/1/1.1/go%20hokies!.html HTTP/1.1', 'Host: 127.0.0.1:5010', 'User-Agent: Tester/0.1', 'Accept: */*', 'Connection: close']
validate_header: Requested Method: GET
Requested File: /a1-test/1/1.1/go%20hokies!.html
HTTP Info: HTTP/1.1
validate_header: Key: Host: Value: 127.0.0.1:5010
validate_header: Host Header line being parsed
validate_header: requested_resource: /a1-test/1/1.1/go%20hokies!.html
validate_header: Hostname: 127.0.0.1
validate_header: Key: User-Agent: Value: Tester/0.1
validate_header: User Agent Parsed
validate_header: Key: Accept: Value: */*
validate_header: Accept Parsed
validate_header: Key: Connection: Value: close
validate_header: Connection parsed
wait_for_connections: Is header valid: True
fetch_resource: request method: GET
fetch_resource: Is File:/a1-test/1/1.1/go hokies!.html
gen_headers: Start
gen_headers: HTTP/1.1 200 OK
Date: Mon, 15 Oct 2018 15:55:55 GMT
Server: Assignment1/Version/0.1
Content-Length: 55
Last-Modified: Thu, 27 Sep 2018 15:25:31 GMT
Content-Type: text/html

HTTP/1.1 200 OK
Date: Mon, 15 Oct 2018 15:55:55 GMT
Server: Assignment1/Version/0.1
Content-Length: 55
Last-Modified: Thu, 27 Sep 2018 15:25:31 GMT
Content-Type: text/html
Connection: close


gen_headers: End
b'HTTP/1.1 200 OK\nDate: Mon, 15 Oct 2018 15:55:55 GMT\r\nServer: Assignment1/Version/0.1\r\nContent-Length: 55\r\nLast-Modified: Thu, 27 Sep 2018 15:25:31 GMT\r\nContent-Type: text/html\r\nConnection: close\r\n\r\n'
Closing connection with client
0.0.0.0 - - "[Mon, 15 Oct 2018 11:55:55]" GET /a1-test/1/1.1/go%20hokies!.html HTTP/1.1 200 55

wait_for_connections: Awaiting New connection
wait_for_connections: Got connection from:('127.0.0.1', 35530)
wait_for_connections: Request HeaderHEAD /a1-test/1/1.1/go%20hokies!.html HTTP/1.1
Host: 127.0.0.1:5010
User-Agent: Tester/0.1
Accept: */*
Connection: close


wait_for_connections: Formatted Request Header: ['HEAD /a1-test/1/1.1/go%20hokies!.html HTTP/1.1', 'Host: 127.0.0.1:5010', 'User-Agent: Tester/0.1', 'Accept: */*', 'Connection: close']
validate_header:['HEAD /a1-test/1/1.1/go%20hokies!.html HTTP/1.1', 'Host: 127.0.0.1:5010', 'User-Agent: Tester/0.1', 'Accept: */*', 'Connection: close']
validate_header: Requested Method: HEAD
Requested File: /a1-test/1/1.1/go%20hokies!.html
HTTP Info: HTTP/1.1
validate_header: Key: Host: Value: 127.0.0.1:5010
validate_header: Host Header line being parsed
validate_header: requested_resource: /a1-test/1/1.1/go%20hokies!.html
validate_header: Hostname: 127.0.0.1
validate_header: Key: User-Agent: Value: Tester/0.1
validate_header: User Agent Parsed
validate_header: Key: Accept: Value: */*
validate_header: Accept Parsed
validate_header: Key: Connection: Value: close
validate_header: Connection parsed
wait_for_connections: Is header valid: True
fetch_resource: request method: HEAD
fetch_resource: Is File:/a1-test/1/1.1/go hokies!.html
gen_headers: Start
gen_headers: HTTP/1.1 200 OK
Date: Mon, 15 Oct 2018 15:55:55 GMT
Server: Assignment1/Version/0.1
Content-Length: 55
Last-Modified: Thu, 27 Sep 2018 15:25:31 GMT
Content-Type: text/html

HTTP/1.1 200 OK
Date: Mon, 15 Oct 2018 15:55:55 GMT
Server: Assignment1/Version/0.1
Content-Length: 55
Last-Modified: Thu, 27 Sep 2018 15:25:31 GMT
Content-Type: text/html
Connection: close


gen_headers: End
b'HTTP/1.1 200 OK\nDate: Mon, 15 Oct 2018 15:55:55 GMT\r\nServer: Assignment1/Version/0.1\r\nContent-Length: 55\r\nLast-Modified: Thu, 27 Sep 2018 15:25:31 GMT\r\nContent-Type: text/html\r\nConnection: close\r\n\r\n'
Closing connection with client
0.0.0.0 - - "[Mon, 15 Oct 2018 11:55:55]" HEAD /a1-test/1/1.1/go%20hokies!.html HTTP/1.1 200 55

wait_for_connections: Awaiting New connection
wait_for_connections: Got connection from:('127.0.0.1', 35532)
wait_for_connections: Request HeaderTRACE / HTTP/1.1
Host: 127.0.0.1:5010
Testing-1: TINTIN-SAILOR
User-Agent: Tester/0.1
Accept: */*
Connection: close


wait_for_connections: Formatted Request Header: ['TRACE / HTTP/1.1', 'Host: 127.0.0.1:5010', 'Testing-1: TINTIN-SAILOR', 'User-Agent: Tester/0.1', 'Accept: */*', 'Connection: close']
validate_header:['TRACE / HTTP/1.1', 'Host: 127.0.0.1:5010', 'Testing-1: TINTIN-SAILOR', 'User-Agent: Tester/0.1', 'Accept: */*', 'Connection: close']
validate_header: Requested Method: TRACE
Requested File: /
HTTP Info: HTTP/1.1
validate_header: Key: Host: Value: 127.0.0.1:5010
validate_header: Host Header line being parsed
validate_header: requested_resource: /
validate_header: Hostname: 127.0.0.1
validate_header: Key: Testing-1: Value: TINTIN-SAILOR
Testing-1:Parsed
validate_header: Key: User-Agent: Value: Tester/0.1
validate_header: User Agent Parsed
validate_header: Key: Accept: Value: */*
validate_header: Accept Parsed
validate_header: Key: Connection: Value: close
validate_header: Connection parsed
wait_for_connections: Is header valid: True
fetch_resource: request methodTRACE
gen_headers: Start
gen_headers: HTTP/1.1 200 OK
Date: Mon, 15 Oct 2018 15:55:55 GMT
Server: Assignment1/Version/0.1
Content-Length: 124
Content-Type: message/http

HTTP/1.1 200 OK
Date: Mon, 15 Oct 2018 15:55:55 GMT
Server: Assignment1/Version/0.1
Content-Length: 124
Content-Type: message/http
Connection: close


gen_headers: End
b'HTTP/1.1 200 OK\nDate: Mon, 15 Oct 2018 15:55:55 GMT\r\nServer: Assignment1/Version/0.1\r\nContent-Length: 124\r\nContent-Type: message/http\r\nConnection: close\r\n\r\nTRACE / HTTP/1.1\r\nHost: 127.0.0.1:5010\r\nTesting-1: TINTIN-SAILOR\r\nUser-Agent: Tester/0.1\r\nAccept: */*\r\nConnection: close\r\n\r\n'
Closing connection with client
0.0.0.0 - - "[Mon, 15 Oct 2018 11:55:55]" TRACE / HTTP/1.1 200 124

wait_for_connections: Awaiting New connection
wait_for_connections: Got connection from:('127.0.0.1', 35534)
wait_for_connections: Request HeaderOPTIONS / HTTP/1.1
Host: 127.0.0.1:5010
Testing-1: TINTIN-SAILOR
User-Agent: Tester/0.1
Accept: */*
Connection: close


wait_for_connections: Formatted Request Header: ['OPTIONS / HTTP/1.1', 'Host: 127.0.0.1:5010', 'Testing-1: TINTIN-SAILOR', 'User-Agent: Tester/0.1', 'Accept: */*', 'Connection: close']
validate_header:['OPTIONS / HTTP/1.1', 'Host: 127.0.0.1:5010', 'Testing-1: TINTIN-SAILOR', 'User-Agent: Tester/0.1', 'Accept: */*', 'Connection: close']
validate_header: Requested Method: OPTIONS
Requested File: /
HTTP Info: HTTP/1.1
validate_header: Key: Host: Value: 127.0.0.1:5010
validate_header: Host Header line being parsed
validate_header: requested_resource: /
validate_header: Hostname: 127.0.0.1
validate_header: Key: Testing-1: Value: TINTIN-SAILOR
Testing-1:Parsed
validate_header: Key: User-Agent: Value: Tester/0.1
validate_header: User Agent Parsed
validate_header: Key: Accept: Value: */*
validate_header: Accept Parsed
validate_header: Key: Connection: Value: close
validate_header: Connection parsed
wait_for_connections: Is header valid: True
fetch_resource: request methodOPTIONS
gen_headers: Start
gen_headers: HTTP/1.1 200 OK
Date: Mon, 15 Oct 2018 15:55:55 GMT
Server: Assignment1/Version/0.1
Content-Length: 0
Allow: GET, HEAD, OPTIONS, TRACE 

HTTP/1.1 200 OK
Date: Mon, 15 Oct 2018 15:55:55 GMT
Server: Assignment1/Version/0.1
Content-Length: 0
Allow: GET, HEAD, OPTIONS, TRACE 
Connection: close


gen_headers: End
b'HTTP/1.1 200 OK\nDate: Mon, 15 Oct 2018 15:55:55 GMT\r\nServer: Assignment1/Version/0.1\r\nContent-Length: 0\r\nAllow: GET, HEAD, OPTIONS, TRACE \r\nConnection: close\r\n\r\n'
Closing connection with client
0.0.0.0 - - "[Mon, 15 Oct 2018 11:55:55]" OPTIONS / HTTP/1.1 200 0

wait_for_connections: Awaiting New connection
wait_for_connections: Got connection from:('127.0.0.1', 35536)
wait_for_connections: Request HeaderGET /foo HTTP/1.1
Host: 127.0.0.1
Header with missing colon


wait_for_connections: Formatted Request Header: ['GET /foo HTTP/1.1', 'Host: 127.0.0.1', 'Header with missing colon']
validate_header:['GET /foo HTTP/1.1', 'Host: 127.0.0.1', 'Header with missing colon']
validate_header: Requested Method: GET
Requested File: /foo
HTTP Info: HTTP/1.1
validate_header: Key: Host: Value: 127.0.0.1
validate_header: Host Header line being parsed
validate_header: requested_resource: /foo
validate_header: Hostname: 127.0.0.1
validate_header: Key: Header Value: with missing colon
validate_header: Bad Header because not a valid header line
gen_headers: Start
gen_headers: HTTP/1.1 400 Bad Request
Date: Mon, 15 Oct 2018 15:55:55 GMT
Server: Assignment1/Version/0.1
Content-Length: 161
Content-Type: text/html

HTTP/1.1 400 Bad Request
Date: Mon, 15 Oct 2018 15:55:55 GMT
Server: Assignment1/Version/0.1
Content-Length: 161
Content-Type: text/html
Connection: close


gen_headers: End
return_response_header: b'HTTP/1.1 400 Bad Request\nDate: Mon, 15 Oct 2018 15:55:55 GMT\r\nServer: Assignment1/Version/0.1\r\nContent-Length: 161\r\nContent-Type: text/html\r\nConnection: close\r\n\r\n<!DOCTYPE html>\n<html lang="en">\n<head>\n    <meta charset="UTF-8">\n    <title>400: Bad Request</title>\n</head>\n<body>\n    <p>400: Bad Request</p>\n</body>\n</html>'
return_response_header: Closing connection with client
0.0.0.0 - - "[Mon, 15 Oct 2018 11:55:55]" GET /foo HTTP/1.1 400 161

wait_for_connections: Is header valid: False
wait_for_connections: Awaiting New connection
wait_for_connections: Got connection from:('127.0.0.1', 35538)
wait_for_connections: Request HeaderGET / HTTP/1.1
Host: cs531-msiddique:80
Connection: close


wait_for_connections: Formatted Request Header: ['GET / HTTP/1.1', 'Host: cs531-msiddique:80', 'Connection: close']
validate_header:['GET / HTTP/1.1', 'Host: cs531-msiddique:80', 'Connection: close']
validate_header: Requested Method: GET
Requested File: /
HTTP Info: HTTP/1.1
validate_header: Key: Host: Value: cs531-msiddique:80
validate_header: Host Header line being parsed
validate_header: requested_resource: /
validate_header: Hostname: cs531-msiddique
validate_header: illegal IP address string passed to inet_aton
validate_header: [Errno -2] Name or service not known
gen_headers: Start
gen_headers: HTTP/1.1 400 Bad Request
Date: Mon, 15 Oct 2018 15:55:55 GMT
Server: Assignment1/Version/0.1
Content-Length: 161
Content-Type: text/html

HTTP/1.1 400 Bad Request
Date: Mon, 15 Oct 2018 15:55:55 GMT
Server: Assignment1/Version/0.1
Content-Length: 161
Content-Type: text/html
Connection: close


gen_headers: End
return_response_header: b'HTTP/1.1 400 Bad Request\nDate: Mon, 15 Oct 2018 15:55:55 GMT\r\nServer: Assignment1/Version/0.1\r\nContent-Length: 161\r\nContent-Type: text/html\r\nConnection: close\r\n\r\n<!DOCTYPE html>\n<html lang="en">\n<head>\n    <meta charset="UTF-8">\n    <title>400: Bad Request</title>\n</head>\n<body>\n    <p>400: Bad Request</p>\n</body>\n</html>'
return_response_header: Closing connection with client
0.0.0.0 - - "[Mon, 15 Oct 2018 11:55:55]" GET / HTTP/1.1 400 161

wait_for_connections: Is header valid: False
wait_for_connections: Awaiting New connection
wait_for_connections: Got connection from:('127.0.0.1', 35540)
wait_for_connections: Request HeaderOPTIONS /Debug.log HTTP/1.1
Host: 127.0.0.1:5010
Testing-1: TINTIN-SAILOR
User-Agent: Tester/0.1
Accept: */*
Connection: close


wait_for_connections: Formatted Request Header: ['OPTIONS /Debug.log HTTP/1.1', 'Host: 127.0.0.1:5010', 'Testing-1: TINTIN-SAILOR', 'User-Agent: Tester/0.1', 'Accept: */*', 'Connection: close']
validate_header:['OPTIONS /Debug.log HTTP/1.1', 'Host: 127.0.0.1:5010', 'Testing-1: TINTIN-SAILOR', 'User-Agent: Tester/0.1', 'Accept: */*', 'Connection: close']
validate_header: Requested Method: OPTIONS
Requested File: /Debug.log
HTTP Info: HTTP/1.1
validate_header: Key: Host: Value: 127.0.0.1:5010
validate_header: Host Header line being parsed
validate_header: requested_resource: /Debug.log
validate_header: Hostname: 127.0.0.1
validate_header: Key: Testing-1: Value: TINTIN-SAILOR
Testing-1:Parsed
validate_header: Key: User-Agent: Value: Tester/0.1
validate_header: User Agent Parsed
validate_header: Key: Accept: Value: */*
validate_header: Accept Parsed
validate_header: Key: Connection: Value: close
validate_header: Connection parsed
wait_for_connections: Is header valid: True
fetch_resource: request methodOPTIONS
gen_headers: Start
gen_headers: HTTP/1.1 200 OK
Date: Mon, 15 Oct 2018 15:55:55 GMT
Server: Assignment1/Version/0.1
Content-Length: 0
Allow: GET, HEAD, OPTIONS, TRACE 

HTTP/1.1 200 OK
Date: Mon, 15 Oct 2018 15:55:55 GMT
Server: Assignment1/Version/0.1
Content-Length: 0
Allow: GET, HEAD, OPTIONS, TRACE 
Connection: close


gen_headers: End
b'HTTP/1.1 200 OK\nDate: Mon, 15 Oct 2018 15:55:55 GMT\r\nServer: Assignment1/Version/0.1\r\nContent-Length: 0\r\nAllow: GET, HEAD, OPTIONS, TRACE \r\nConnection: close\r\n\r\n'
Closing connection with client
0.0.0.0 - - "[Mon, 15 Oct 2018 11:55:55]" OPTIONS /Debug.log HTTP/1.1 200 0

wait_for_connections: Awaiting New connection
wait_for_connections: Got connection from:('127.0.0.1', 35542)
wait_for_connections: Request HeaderOPTIONS /ErrorPage/Error400.html HTTP/1.1
Host: 127.0.0.1:5010
Testing-1: TINTIN-SAILOR
User-Agent: Tester/0.1
Accept: */*
Connection: close


wait_for_connections: Formatted Request Header: ['OPTIONS /ErrorPage/Error400.html HTTP/1.1', 'Host: 127.0.0.1:5010', 'Testing-1: TINTIN-SAILOR', 'User-Agent: Tester/0.1', 'Accept: */*', 'Connection: close']
validate_header:['OPTIONS /ErrorPage/Error400.html HTTP/1.1', 'Host: 127.0.0.1:5010', 'Testing-1: TINTIN-SAILOR', 'User-Agent: Tester/0.1', 'Accept: */*', 'Connection: close']
validate_header: Requested Method: OPTIONS
Requested File: /ErrorPage/Error400.html
HTTP Info: HTTP/1.1
validate_header: Key: Host: Value: 127.0.0.1:5010
validate_header: Host Header line being parsed
validate_header: requested_resource: /ErrorPage/Error400.html
validate_header: Hostname: 127.0.0.1
validate_header: Key: Testing-1: Value: TINTIN-SAILOR
Testing-1:Parsed
validate_header: Key: User-Agent: Value: Tester/0.1
validate_header: User Agent Parsed
validate_header: Key: Accept: Value: */*
validate_header: Accept Parsed
validate_header: Key: Connection: Value: close
validate_header: Connection parsed
wait_for_connections: Is header valid: True
fetch_resource: request methodOPTIONS
gen_headers: Start
gen_headers: HTTP/1.1 200 OK
Date: Mon, 15 Oct 2018 15:55:55 GMT
Server: Assignment1/Version/0.1
Content-Length: 0
Allow: GET, HEAD, OPTIONS, TRACE 

HTTP/1.1 200 OK
Date: Mon, 15 Oct 2018 15:55:55 GMT
Server: Assignment1/Version/0.1
Content-Length: 0
Allow: GET, HEAD, OPTIONS, TRACE 
Connection: close


gen_headers: End
b'HTTP/1.1 200 OK\nDate: Mon, 15 Oct 2018 15:55:55 GMT\r\nServer: Assignment1/Version/0.1\r\nContent-Length: 0\r\nAllow: GET, HEAD, OPTIONS, TRACE \r\nConnection: close\r\n\r\n'
Closing connection with client
0.0.0.0 - - "[Mon, 15 Oct 2018 11:55:55]" OPTIONS /ErrorPage/Error400.html HTTP/1.1 200 0

wait_for_connections: Awaiting New connection
wait_for_connections: Got connection from:('127.0.0.1', 35544)
wait_for_connections: Request HeaderOPTIONS /ErrorPage/Error400.html HTML/1.1
Host: 127.0.0.1:5010
Testing-1: TINTIN-SAILOR
User-Agent: Tester/0.1
Accept: */*
Connection: close


wait_for_connections: Formatted Request Header: ['OPTIONS /ErrorPage/Error400.html HTML/1.1', 'Host: 127.0.0.1:5010', 'Testing-1: TINTIN-SAILOR', 'User-Agent: Tester/0.1', 'Accept: */*', 'Connection: close']
validate_header:['OPTIONS /ErrorPage/Error400.html HTML/1.1', 'Host: 127.0.0.1:5010', 'Testing-1: TINTIN-SAILOR', 'User-Agent: Tester/0.1', 'Accept: */*', 'Connection: close']
validate_header: Requested Method: OPTIONS
Requested File: /ErrorPage/Error400.html
HTTP Info: HTML/1.1
gen_headers: Start
gen_headers: HTTP/1.1 400 Bad Request
Date: Mon, 15 Oct 2018 15:55:55 GMT
Server: Assignment1/Version/0.1
Content-Length: 0
Allow: GET, HEAD, OPTIONS, TRACE 

HTTP/1.1 400 Bad Request
Date: Mon, 15 Oct 2018 15:55:55 GMT
Server: Assignment1/Version/0.1
Content-Length: 0
Allow: GET, HEAD, OPTIONS, TRACE 
Connection: close


gen_headers: End
return_response_header: b'HTTP/1.1 400 Bad Request\nDate: Mon, 15 Oct 2018 15:55:55 GMT\r\nServer: Assignment1/Version/0.1\r\nContent-Length: 0\r\nAllow: GET, HEAD, OPTIONS, TRACE \r\nConnection: close\r\n\r\n'
return_response_header: Closing connection with client
0.0.0.0 - - "[Mon, 15 Oct 2018 11:55:55]" OPTIONS /ErrorPage/Error400.html HTML/1.1 400 0

wait_for_connections: Is header valid: False
wait_for_connections: Awaiting New connection
wait_for_connections: Got connection from:('127.0.0.1', 35546)
wait_for_connections: Request HeaderOPTIONS /ErrorPage/Error400.html HTTP/1.1
Testing-1: TINTIN-SAILOR
User-Agent: Tester/0.1
Accept: */*
Connection: close


wait_for_connections: Formatted Request Header: ['OPTIONS /ErrorPage/Error400.html HTTP/1.1', 'Testing-1: TINTIN-SAILOR', 'User-Agent: Tester/0.1', 'Accept: */*', 'Connection: close']
validate_header:['OPTIONS /ErrorPage/Error400.html HTTP/1.1', 'Testing-1: TINTIN-SAILOR', 'User-Agent: Tester/0.1', 'Accept: */*', 'Connection: close']
validate_header: Requested Method: OPTIONS
Requested File: /ErrorPage/Error400.html
HTTP Info: HTTP/1.1
validate_header: Key: Testing-1: Value: TINTIN-SAILOR
Testing-1:Parsed
validate_header: Key: User-Agent: Value: Tester/0.1
validate_header: User Agent Parsed
validate_header: Key: Accept: Value: */*
validate_header: Accept Parsed
validate_header: Key: Connection: Value: close
validate_header: Connection parsed
validate_header: Bad Header because not a valid header line
gen_headers: Start
gen_headers: HTTP/1.1 400 Bad Request
Date: Mon, 15 Oct 2018 15:55:55 GMT
Server: Assignment1/Version/0.1
Content-Length: 0
Allow: GET, HEAD, OPTIONS, TRACE 

HTTP/1.1 400 Bad Request
Date: Mon, 15 Oct 2018 15:55:55 GMT
Server: Assignment1/Version/0.1
Content-Length: 0
Allow: GET, HEAD, OPTIONS, TRACE 
Connection: close


gen_headers: End
return_response_header: b'HTTP/1.1 400 Bad Request\nDate: Mon, 15 Oct 2018 15:55:55 GMT\r\nServer: Assignment1/Version/0.1\r\nContent-Length: 0\r\nAllow: GET, HEAD, OPTIONS, TRACE \r\nConnection: close\r\n\r\n'
return_response_header: Closing connection with client
0.0.0.0 - - "[Mon, 15 Oct 2018 11:55:55]" OPTIONS /ErrorPage/Error400.html HTTP/1.1 400 0

wait_for_connections: Is header valid: False
wait_for_connections: Awaiting New connection
wait_for_connections: Got connection from:('127.0.0.1', 35548)
wait_for_connections: Request HeaderHEAD 127.0.0.1:5010/a1-test/1/1.1/go%20hokies!.html HTTP/1.1
Host: 127.0.0.1:5010
User-Agent: Tester/0.1
Accept: */*
Connection: close


wait_for_connections: Formatted Request Header: ['HEAD 127.0.0.1:5010/a1-test/1/1.1/go%20hokies!.html HTTP/1.1', 'Host: 127.0.0.1:5010', 'User-Agent: Tester/0.1', 'Accept: */*', 'Connection: close']
validate_header:['HEAD 127.0.0.1:5010/a1-test/1/1.1/go%20hokies!.html HTTP/1.1', 'Host: 127.0.0.1:5010', 'User-Agent: Tester/0.1', 'Accept: */*', 'Connection: close']
validate_header: Requested Method: HEAD
Requested File: 127.0.0.1:5010/a1-test/1/1.1/go%20hokies!.html
HTTP Info: HTTP/1.1
validate_header: Key: Host: Value: 127.0.0.1:5010
validate_header: Host Header line being parsed
validate_header: requested_resource: /a1-test/1/1.1/go%20hokies!.html
validate_header: requested_resource: /a1-test/1/1.1/go%20hokies!.html
validate_header: Hostname: 127.0.0.1
validate_header: Key: User-Agent: Value: Tester/0.1
validate_header: User Agent Parsed
validate_header: Key: Accept: Value: */*
validate_header: Accept Parsed
validate_header: Key: Connection: Value: close
validate_header: Connection parsed
wait_for_connections: Is header valid: True
fetch_resource: request method: HEAD
fetch_resource: Is File:/a1-test/1/1.1/go hokies!.html
gen_headers: Start
gen_headers: HTTP/1.1 200 OK
Date: Mon, 15 Oct 2018 15:55:55 GMT
Server: Assignment1/Version/0.1
Content-Length: 55
Last-Modified: Thu, 27 Sep 2018 15:25:31 GMT
Content-Type: text/html

HTTP/1.1 200 OK
Date: Mon, 15 Oct 2018 15:55:55 GMT
Server: Assignment1/Version/0.1
Content-Length: 55
Last-Modified: Thu, 27 Sep 2018 15:25:31 GMT
Content-Type: text/html
Connection: close


gen_headers: End
b'HTTP/1.1 200 OK\nDate: Mon, 15 Oct 2018 15:55:55 GMT\r\nServer: Assignment1/Version/0.1\r\nContent-Length: 55\r\nLast-Modified: Thu, 27 Sep 2018 15:25:31 GMT\r\nContent-Type: text/html\r\nConnection: close\r\n\r\n'
Closing connection with client
0.0.0.0 - - "[Mon, 15 Oct 2018 11:55:55]" HEAD 127.0.0.1:5010/a1-test/1/1.1/go%20hokies!.html HTTP/1.1 200 55

wait_for_connections: Awaiting New connection
wait_for_connections: Got connection from:('127.0.0.1', 35550)
wait_for_connections: Request HeaderHEAD 127.0.0.1:5010/a1-test/2/0.jpeg HTTP/1.1
Host: 127.0.0.1:5010
User-Agent: Tester/0.1
Accept: */*
Connection: close


wait_for_connections: Formatted Request Header: ['HEAD 127.0.0.1:5010/a1-test/2/0.jpeg HTTP/1.1', 'Host: 127.0.0.1:5010', 'User-Agent: Tester/0.1', 'Accept: */*', 'Connection: close']
validate_header:['HEAD 127.0.0.1:5010/a1-test/2/0.jpeg HTTP/1.1', 'Host: 127.0.0.1:5010', 'User-Agent: Tester/0.1', 'Accept: */*', 'Connection: close']
validate_header: Requested Method: HEAD
Requested File: 127.0.0.1:5010/a1-test/2/0.jpeg
HTTP Info: HTTP/1.1
validate_header: Key: Host: Value: 127.0.0.1:5010
validate_header: Host Header line being parsed
validate_header: requested_resource: /a1-test/2/0.jpeg
validate_header: requested_resource: /a1-test/2/0.jpeg
validate_header: Hostname: 127.0.0.1
validate_header: Key: User-Agent: Value: Tester/0.1
validate_header: User Agent Parsed
validate_header: Key: Accept: Value: */*
validate_header: Accept Parsed
validate_header: Key: Connection: Value: close
validate_header: Connection parsed
wait_for_connections: Is header valid: True
fetch_resource: request method: HEAD
fetch_resource: Is File:/a1-test/2/0.jpeg
gen_headers: Start
gen_headers: HTTP/1.1 200 OK
Date: Mon, 15 Oct 2018 15:55:55 GMT
Server: Assignment1/Version/0.1
Content-Length: 38457
Last-Modified: Thu, 27 Sep 2018 15:25:31 GMT
Content-Type: image/jpeg

HTTP/1.1 200 OK
Date: Mon, 15 Oct 2018 15:55:55 GMT
Server: Assignment1/Version/0.1
Content-Length: 38457
Last-Modified: Thu, 27 Sep 2018 15:25:31 GMT
Content-Type: image/jpeg
Connection: close


gen_headers: End
b'HTTP/1.1 200 OK\nDate: Mon, 15 Oct 2018 15:55:55 GMT\r\nServer: Assignment1/Version/0.1\r\nContent-Length: 38457\r\nLast-Modified: Thu, 27 Sep 2018 15:25:31 GMT\r\nContent-Type: image/jpeg\r\nConnection: close\r\n\r\n'
Closing connection with client
0.0.0.0 - - "[Mon, 15 Oct 2018 11:55:55]" HEAD 127.0.0.1:5010/a1-test/2/0.jpeg HTTP/1.1 200 38457

wait_for_connections: Awaiting New connection
